{"/home/loshunter/HeroByte/apps/server/src/container.ts": {"path":"/home/loshunter/HeroByte/apps/server/src/container.ts","all":true,"statementMap":{"0":{"start":{"line":1,"column":0},"end":{"line":1,"column":79}},"20":{"start":{"line":21,"column":0},"end":{"line":21,"column":24}},"22":{"start":{"line":23,"column":0},"end":{"line":23,"column":43}},"23":{"start":{"line":24,"column":0},"end":{"line":24,"column":47}},"24":{"start":{"line":25,"column":0},"end":{"line":25,"column":45}},"25":{"start":{"line":26,"column":0},"end":{"line":26,"column":41}},"26":{"start":{"line":27,"column":0},"end":{"line":27,"column":43}},"27":{"start":{"line":28,"column":0},"end":{"line":28,"column":53}},"30":{"start":{"line":31,"column":0},"end":{"line":31,"column":43}},"33":{"start":{"line":34,"column":0},"end":{"line":34,"column":47}},"34":{"start":{"line":35,"column":0},"end":{"line":35,"column":50}},"36":{"start":{"line":37,"column":0},"end":{"line":37,"column":37}},"38":{"start":{"line":39,"column":0},"end":{"line":39,"column":41}},"39":{"start":{"line":40,"column":0},"end":{"line":40,"column":45}},"40":{"start":{"line":41,"column":0},"end":{"line":41,"column":43}},"41":{"start":{"line":42,"column":0},"end":{"line":42,"column":39}},"42":{"start":{"line":43,"column":0},"end":{"line":43,"column":41}},"43":{"start":{"line":44,"column":0},"end":{"line":44,"column":51}},"46":{"start":{"line":47,"column":0},"end":{"line":47,"column":77}},"49":{"start":{"line":50,"column":0},"end":{"line":50,"column":48}},"52":{"start":{"line":53,"column":0},"end":{"line":53,"column":43}},"53":{"start":{"line":54,"column":0},"end":{"line":54,"column":23}},"54":{"start":{"line":55,"column":0},"end":{"line":55,"column":25}},"55":{"start":{"line":56,"column":0},"end":{"line":56,"column":24}},"56":{"start":{"line":57,"column":0},"end":{"line":57,"column":22}},"57":{"start":{"line":58,"column":0},"end":{"line":58,"column":23}},"58":{"start":{"line":59,"column":0},"end":{"line":59,"column":28}},"59":{"start":{"line":60,"column":0},"end":{"line":60,"column":10}},"60":{"start":{"line":61,"column":0},"end":{"line":61,"column":19}},"61":{"start":{"line":62,"column":0},"end":{"line":62,"column":6}},"64":{"start":{"line":65,"column":0},"end":{"line":65,"column":33}},"65":{"start":{"line":66,"column":0},"end":{"line":66,"column":3}},"70":{"start":{"line":71,"column":0},"end":{"line":71,"column":19}},"72":{"start":{"line":73,"column":0},"end":{"line":73,"column":25}},"75":{"start":{"line":76,"column":0},"end":{"line":76,"column":3}},"76":{"start":{"line":77,"column":0},"end":{"line":77,"column":1}}},"s":{"0":0,"20":0,"22":0,"23":0,"24":0,"25":0,"26":0,"27":0,"30":0,"33":0,"34":0,"36":0,"38":0,"39":0,"40":0,"41":0,"42":0,"43":0,"46":0,"49":0,"52":0,"53":0,"54":0,"55":0,"56":0,"57":0,"58":0,"59":0,"60":0,"61":0,"64":0,"65":0,"70":0,"72":0,"75":0,"76":0},"branchMap":{"0":{"type":"branch","line":1,"loc":{"start":{"line":1,"column":2559},"end":{"line":77,"column":1}},"locations":[{"start":{"line":1,"column":2559},"end":{"line":77,"column":1}}]}},"b":{"0":[0]},"fnMap":{"0":{"name":"(empty-report)","decl":{"start":{"line":1,"column":2559},"end":{"line":77,"column":1}},"loc":{"start":{"line":1,"column":2559},"end":{"line":77,"column":1}},"line":1}},"f":{"0":0}}
,"/home/loshunter/HeroByte/apps/server/src/index.ts": {"path":"/home/loshunter/HeroByte/apps/server/src/index.ts","all":true,"statementMap":{"0":{"start":{"line":1,"column":0},"end":{"line":1,"column":79}},"6":{"start":{"line":7,"column":0},"end":{"line":7,"column":36}},"7":{"start":{"line":8,"column":0},"end":{"line":8,"column":37}},"8":{"start":{"line":9,"column":0},"end":{"line":9,"column":48}},"9":{"start":{"line":10,"column":0},"end":{"line":10,"column":43}},"10":{"start":{"line":11,"column":0},"end":{"line":11,"column":62}},"16":{"start":{"line":17,"column":0},"end":{"line":17,"column":46}},"17":{"start":{"line":18,"column":0},"end":{"line":18,"column":23}},"27":{"start":{"line":28,"column":0},"end":{"line":28,"column":22}},"29":{"start":{"line":30,"column":0},"end":{"line":30,"column":29}},"32":{"start":{"line":33,"column":0},"end":{"line":33,"column":51}},"33":{"start":{"line":34,"column":0},"end":{"line":34,"column":64}},"34":{"start":{"line":35,"column":0},"end":{"line":35,"column":37}},"35":{"start":{"line":36,"column":0},"end":{"line":36,"column":46}},"36":{"start":{"line":37,"column":0},"end":{"line":37,"column":32}},"37":{"start":{"line":38,"column":0},"end":{"line":38,"column":7}},"38":{"start":{"line":39,"column":0},"end":{"line":39,"column":39}},"39":{"start":{"line":40,"column":0},"end":{"line":40,"column":18}},"40":{"start":{"line":41,"column":0},"end":{"line":41,"column":5}},"43":{"start":{"line":44,"column":0},"end":{"line":44,"column":46}},"46":{"start":{"line":47,"column":0},"end":{"line":47,"column":39}},"49":{"start":{"line":50,"column":0},"end":{"line":50,"column":66}},"50":{"start":{"line":51,"column":0},"end":{"line":51,"column":29}},"53":{"start":{"line":54,"column":0},"end":{"line":54,"column":35}},"54":{"start":{"line":55,"column":0},"end":{"line":55,"column":50}},"55":{"start":{"line":56,"column":0},"end":{"line":56,"column":73}},"56":{"start":{"line":57,"column":0},"end":{"line":57,"column":5}},"59":{"start":{"line":60,"column":0},"end":{"line":60,"column":31}},"60":{"start":{"line":61,"column":0},"end":{"line":61,"column":65}},"61":{"start":{"line":62,"column":0},"end":{"line":62,"column":24}},"62":{"start":{"line":63,"column":0},"end":{"line":63,"column":35}},"63":{"start":{"line":64,"column":0},"end":{"line":64,"column":26}},"64":{"start":{"line":65,"column":0},"end":{"line":65,"column":22}},"65":{"start":{"line":66,"column":0},"end":{"line":66,"column":7}},"66":{"start":{"line":67,"column":0},"end":{"line":67,"column":5}},"67":{"start":{"line":68,"column":0},"end":{"line":68,"column":1}},"70":{"start":{"line":71,"column":0},"end":{"line":71,"column":12}}},"s":{"0":0,"6":0,"7":0,"8":0,"9":0,"10":0,"16":0,"17":0,"27":0,"29":0,"32":0,"33":0,"34":0,"35":0,"36":0,"37":0,"38":0,"39":0,"40":0,"43":0,"46":0,"49":0,"50":0,"53":0,"54":0,"55":0,"56":0,"59":0,"60":0,"61":0,"62":0,"63":0,"64":0,"65":0,"66":0,"67":0,"70":0},"branchMap":{"0":{"type":"branch","line":1,"loc":{"start":{"line":1,"column":2289},"end":{"line":71,"column":12}},"locations":[{"start":{"line":1,"column":2289},"end":{"line":71,"column":12}}]}},"b":{"0":[0]},"fnMap":{"0":{"name":"(empty-report)","decl":{"start":{"line":1,"column":2289},"end":{"line":71,"column":12}},"loc":{"start":{"line":1,"column":2289},"end":{"line":71,"column":12}},"line":1}},"f":{"0":0}}
,"/home/loshunter/HeroByte/apps/server/src/domains/character/service.ts": {"path":"/home/loshunter/HeroByte/apps/server/src/domains/character/service.ts","all":false,"statementMap":{"0":{"start":{"line":1,"column":0},"end":{"line":1,"column":79}},"12":{"start":{"line":13,"column":0},"end":{"line":13,"column":31}},"16":{"start":{"line":17,"column":0},"end":{"line":17,"column":79}},"17":{"start":{"line":18,"column":0},"end":{"line":18,"column":62}},"18":{"start":{"line":19,"column":0},"end":{"line":19,"column":3}},"23":{"start":{"line":24,"column":0},"end":{"line":24,"column":84}},"24":{"start":{"line":25,"column":0},"end":{"line":25,"column":74}},"25":{"start":{"line":26,"column":0},"end":{"line":26,"column":3}},"30":{"start":{"line":31,"column":0},"end":{"line":31,"column":57}},"31":{"start":{"line":32,"column":0},"end":{"line":32,"column":63}},"32":{"start":{"line":33,"column":0},"end":{"line":33,"column":3}},"37":{"start":{"line":38,"column":0},"end":{"line":38,"column":96}},"38":{"start":{"line":39,"column":0},"end":{"line":39,"column":37}},"39":{"start":{"line":40,"column":0},"end":{"line":40,"column":23}},"40":{"start":{"line":41,"column":0},"end":{"line":41,"column":17}},"41":{"start":{"line":42,"column":0},"end":{"line":42,"column":11}},"42":{"start":{"line":43,"column":0},"end":{"line":43,"column":15}},"43":{"start":{"line":44,"column":0},"end":{"line":44,"column":16}},"44":{"start":{"line":45,"column":0},"end":{"line":45,"column":12}},"45":{"start":{"line":46,"column":0},"end":{"line":46,"column":20}},"46":{"start":{"line":47,"column":0},"end":{"line":47,"column":53}},"47":{"start":{"line":48,"column":0},"end":{"line":48,"column":6}},"49":{"start":{"line":50,"column":0},"end":{"line":50,"column":40}},"50":{"start":{"line":51,"column":0},"end":{"line":51,"column":71}},"51":{"start":{"line":52,"column":0},"end":{"line":52,"column":24}},"52":{"start":{"line":53,"column":0},"end":{"line":53,"column":3}},"57":{"start":{"line":58,"column":0},"end":{"line":58,"column":85}},"58":{"start":{"line":59,"column":0},"end":{"line":59,"column":61}},"59":{"start":{"line":60,"column":0},"end":{"line":60,"column":21}},"60":{"start":{"line":61,"column":0},"end":{"line":61,"column":72}},"61":{"start":{"line":62,"column":0},"end":{"line":62,"column":19}},"62":{"start":{"line":63,"column":0},"end":{"line":63,"column":5}},"64":{"start":{"line":65,"column":0},"end":{"line":65,"column":37}},"65":{"start":{"line":66,"column":0},"end":{"line":66,"column":20}},"66":{"start":{"line":67,"column":0},"end":{"line":67,"column":96}},"67":{"start":{"line":68,"column":0},"end":{"line":68,"column":8}},"68":{"start":{"line":69,"column":0},"end":{"line":69,"column":19}},"69":{"start":{"line":70,"column":0},"end":{"line":70,"column":5}},"71":{"start":{"line":72,"column":0},"end":{"line":72,"column":43}},"72":{"start":{"line":73,"column":0},"end":{"line":73,"column":78}},"73":{"start":{"line":74,"column":0},"end":{"line":74,"column":16}},"74":{"start":{"line":75,"column":0},"end":{"line":75,"column":3}},"79":{"start":{"line":80,"column":0},"end":{"line":80,"column":87}},"80":{"start":{"line":81,"column":0},"end":{"line":81,"column":61}},"81":{"start":{"line":82,"column":0},"end":{"line":82,"column":20}},"82":{"start":{"line":83,"column":0},"end":{"line":83,"column":24}},"83":{"start":{"line":84,"column":0},"end":{"line":84,"column":30}},"84":{"start":{"line":85,"column":0},"end":{"line":85,"column":18}},"85":{"start":{"line":86,"column":0},"end":{"line":86,"column":5}},"86":{"start":{"line":87,"column":0},"end":{"line":87,"column":17}},"87":{"start":{"line":88,"column":0},"end":{"line":88,"column":3}},"92":{"start":{"line":93,"column":0},"end":{"line":93,"column":78}},"93":{"start":{"line":94,"column":0},"end":{"line":94,"column":61}},"94":{"start":{"line":95,"column":0},"end":{"line":95,"column":20}},"95":{"start":{"line":96,"column":0},"end":{"line":96,"column":34}},"96":{"start":{"line":97,"column":0},"end":{"line":97,"column":76}},"97":{"start":{"line":98,"column":0},"end":{"line":98,"column":18}},"98":{"start":{"line":99,"column":0},"end":{"line":99,"column":5}},"99":{"start":{"line":100,"column":0},"end":{"line":100,"column":17}},"100":{"start":{"line":101,"column":0},"end":{"line":101,"column":3}},"105":{"start":{"line":106,"column":0},"end":{"line":106,"column":59}},"106":{"start":{"line":107,"column":0},"end":{"line":107,"column":74}},"107":{"start":{"line":108,"column":0},"end":{"line":108,"column":20}},"108":{"start":{"line":109,"column":0},"end":{"line":109,"column":31}},"109":{"start":{"line":110,"column":0},"end":{"line":110,"column":69}},"110":{"start":{"line":111,"column":0},"end":{"line":111,"column":18}},"111":{"start":{"line":112,"column":0},"end":{"line":112,"column":5}},"112":{"start":{"line":113,"column":0},"end":{"line":113,"column":17}},"113":{"start":{"line":114,"column":0},"end":{"line":114,"column":3}},"118":{"start":{"line":119,"column":0},"end":{"line":119,"column":73}},"121":{"start":{"line":122,"column":0},"end":{"line":122,"column":52}},"122":{"start":{"line":123,"column":0},"end":{"line":123,"column":3}},"123":{"start":{"line":124,"column":0},"end":{"line":124,"column":1}}},"s":{"0":1,"12":1,"16":1,"17":6,"18":6,"23":1,"24":1,"25":1,"30":1,"31":1,"32":1,"37":1,"38":4,"39":4,"40":4,"41":4,"42":4,"43":4,"44":4,"45":4,"46":4,"47":4,"49":4,"50":4,"51":4,"52":4,"57":1,"58":3,"59":3,"60":0,"61":0,"62":0,"64":3,"65":1,"66":1,"67":1,"68":1,"69":1,"71":2,"72":2,"73":2,"74":3,"79":1,"80":1,"81":1,"82":1,"83":1,"84":1,"85":1,"86":0,"87":1,"92":1,"93":1,"94":1,"95":1,"96":1,"97":1,"98":1,"99":0,"100":1,"105":1,"106":1,"107":1,"108":1,"109":1,"110":1,"111":1,"112":0,"113":1,"118":1,"121":1,"122":1,"123":1},"branchMap":{"0":{"type":"branch","line":17,"loc":{"start":{"line":17,"column":2},"end":{"line":19,"column":3}},"locations":[{"start":{"line":17,"column":2},"end":{"line":19,"column":3}}]},"1":{"type":"branch","line":18,"loc":{"start":{"line":18,"column":33},"end":{"line":18,"column":60}},"locations":[{"start":{"line":18,"column":33},"end":{"line":18,"column":60}}]},"2":{"type":"branch","line":24,"loc":{"start":{"line":24,"column":2},"end":{"line":26,"column":3}},"locations":[{"start":{"line":24,"column":2},"end":{"line":26,"column":3}}]},"3":{"type":"branch","line":25,"loc":{"start":{"line":25,"column":33},"end":{"line":25,"column":72}},"locations":[{"start":{"line":25,"column":33},"end":{"line":25,"column":72}}]},"4":{"type":"branch","line":31,"loc":{"start":{"line":31,"column":2},"end":{"line":33,"column":3}},"locations":[{"start":{"line":31,"column":2},"end":{"line":33,"column":3}}]},"5":{"type":"branch","line":32,"loc":{"start":{"line":32,"column":35},"end":{"line":32,"column":61}},"locations":[{"start":{"line":32,"column":35},"end":{"line":32,"column":61}}]},"6":{"type":"branch","line":38,"loc":{"start":{"line":38,"column":2},"end":{"line":53,"column":3}},"locations":[{"start":{"line":38,"column":2},"end":{"line":53,"column":3}}]},"7":{"type":"branch","line":58,"loc":{"start":{"line":58,"column":2},"end":{"line":75,"column":3}},"locations":[{"start":{"line":58,"column":2},"end":{"line":75,"column":3}}]},"8":{"type":"branch","line":60,"loc":{"start":{"line":60,"column":20},"end":{"line":63,"column":5}},"locations":[{"start":{"line":60,"column":20},"end":{"line":63,"column":5}}]},"9":{"type":"branch","line":65,"loc":{"start":{"line":65,"column":36},"end":{"line":70,"column":5}},"locations":[{"start":{"line":65,"column":36},"end":{"line":70,"column":5}}]},"10":{"type":"branch","line":70,"loc":{"start":{"line":70,"column":4},"end":{"line":74,"column":16}},"locations":[{"start":{"line":70,"column":4},"end":{"line":74,"column":16}}]},"11":{"type":"branch","line":80,"loc":{"start":{"line":80,"column":2},"end":{"line":88,"column":3}},"locations":[{"start":{"line":80,"column":2},"end":{"line":88,"column":3}}]},"12":{"type":"branch","line":86,"loc":{"start":{"line":86,"column":4},"end":{"line":87,"column":17}},"locations":[{"start":{"line":86,"column":4},"end":{"line":87,"column":17}}]},"13":{"type":"branch","line":93,"loc":{"start":{"line":93,"column":2},"end":{"line":101,"column":3}},"locations":[{"start":{"line":93,"column":2},"end":{"line":101,"column":3}}]},"14":{"type":"branch","line":99,"loc":{"start":{"line":99,"column":4},"end":{"line":100,"column":17}},"locations":[{"start":{"line":99,"column":4},"end":{"line":100,"column":17}}]},"15":{"type":"branch","line":106,"loc":{"start":{"line":106,"column":2},"end":{"line":114,"column":3}},"locations":[{"start":{"line":106,"column":2},"end":{"line":114,"column":3}}]},"16":{"type":"branch","line":112,"loc":{"start":{"line":112,"column":4},"end":{"line":113,"column":17}},"locations":[{"start":{"line":112,"column":4},"end":{"line":113,"column":17}}]},"17":{"type":"branch","line":107,"loc":{"start":{"line":107,"column":44},"end":{"line":107,"column":72}},"locations":[{"start":{"line":107,"column":44},"end":{"line":107,"column":72}}]},"18":{"type":"branch","line":119,"loc":{"start":{"line":119,"column":2},"end":{"line":123,"column":3}},"locations":[{"start":{"line":119,"column":2},"end":{"line":123,"column":3}}]}},"b":{"0":[6],"1":[6],"2":[1],"3":[1],"4":[1],"5":[2],"6":[4],"7":[3],"8":[0],"9":[1],"10":[2],"11":[1],"12":[0],"13":[1],"14":[0],"15":[1],"16":[0],"17":[1],"18":[1]},"fnMap":{"0":{"name":"findCharacter","decl":{"start":{"line":17,"column":2},"end":{"line":19,"column":3}},"loc":{"start":{"line":17,"column":2},"end":{"line":19,"column":3}},"line":17},"1":{"name":"findCharacterByOwner","decl":{"start":{"line":24,"column":2},"end":{"line":26,"column":3}},"loc":{"start":{"line":24,"column":2},"end":{"line":26,"column":3}},"line":24},"2":{"name":"getUnclaimedCharacters","decl":{"start":{"line":31,"column":2},"end":{"line":33,"column":3}},"loc":{"start":{"line":31,"column":2},"end":{"line":33,"column":3}},"line":31},"3":{"name":"createCharacter","decl":{"start":{"line":38,"column":2},"end":{"line":53,"column":3}},"loc":{"start":{"line":38,"column":2},"end":{"line":53,"column":3}},"line":38},"4":{"name":"claimCharacter","decl":{"start":{"line":58,"column":2},"end":{"line":75,"column":3}},"loc":{"start":{"line":58,"column":2},"end":{"line":75,"column":3}},"line":58},"5":{"name":"updateHP","decl":{"start":{"line":80,"column":2},"end":{"line":88,"column":3}},"loc":{"start":{"line":80,"column":2},"end":{"line":88,"column":3}},"line":80},"6":{"name":"linkToken","decl":{"start":{"line":93,"column":2},"end":{"line":101,"column":3}},"loc":{"start":{"line":93,"column":2},"end":{"line":101,"column":3}},"line":93},"7":{"name":"unlinkToken","decl":{"start":{"line":106,"column":2},"end":{"line":114,"column":3}},"loc":{"start":{"line":106,"column":2},"end":{"line":114,"column":3}},"line":106},"8":{"name":"canControlCharacter","decl":{"start":{"line":119,"column":2},"end":{"line":123,"column":3}},"loc":{"start":{"line":119,"column":2},"end":{"line":123,"column":3}},"line":119}},"f":{"0":6,"1":1,"2":1,"3":4,"4":3,"5":1,"6":1,"7":1,"8":1}}
,"/home/loshunter/HeroByte/apps/server/src/domains/dice/service.ts": {"path":"/home/loshunter/HeroByte/apps/server/src/domains/dice/service.ts","all":false,"statementMap":{"11":{"start":{"line":12,"column":0},"end":{"line":12,"column":26}},"12":{"start":{"line":13,"column":0},"end":{"line":13,"column":35}},"17":{"start":{"line":18,"column":0},"end":{"line":18,"column":51}},"18":{"start":{"line":19,"column":0},"end":{"line":19,"column":31}},"21":{"start":{"line":22,"column":0},"end":{"line":22,"column":50}},"22":{"start":{"line":23,"column":0},"end":{"line":23,"column":63}},"23":{"start":{"line":24,"column":0},"end":{"line":24,"column":5}},"24":{"start":{"line":25,"column":0},"end":{"line":25,"column":3}},"29":{"start":{"line":30,"column":0},"end":{"line":30,"column":40}},"30":{"start":{"line":31,"column":0},"end":{"line":31,"column":25}},"31":{"start":{"line":32,"column":0},"end":{"line":32,"column":3}},"36":{"start":{"line":37,"column":0},"end":{"line":37,"column":44}},"37":{"start":{"line":38,"column":0},"end":{"line":38,"column":27}},"38":{"start":{"line":39,"column":0},"end":{"line":39,"column":3}},"39":{"start":{"line":40,"column":0},"end":{"line":40,"column":1}}},"s":{"11":1,"12":4,"17":4,"18":106,"21":106,"22":5,"23":5,"24":106,"29":4,"30":1,"31":1,"36":4,"37":2,"38":2,"39":4},"branchMap":{"0":{"type":"branch","line":12,"loc":{"start":{"line":12,"column":25},"end":{"line":40,"column":1}},"locations":[{"start":{"line":12,"column":25},"end":{"line":40,"column":1}}]},"1":{"type":"branch","line":18,"loc":{"start":{"line":18,"column":2},"end":{"line":25,"column":3}},"locations":[{"start":{"line":18,"column":2},"end":{"line":25,"column":3}}]},"2":{"type":"branch","line":22,"loc":{"start":{"line":22,"column":49},"end":{"line":24,"column":5}},"locations":[{"start":{"line":22,"column":49},"end":{"line":24,"column":5}}]},"3":{"type":"branch","line":30,"loc":{"start":{"line":30,"column":2},"end":{"line":32,"column":3}},"locations":[{"start":{"line":30,"column":2},"end":{"line":32,"column":3}}]},"4":{"type":"branch","line":37,"loc":{"start":{"line":37,"column":2},"end":{"line":39,"column":3}},"locations":[{"start":{"line":37,"column":2},"end":{"line":39,"column":3}}]}},"b":{"0":[4],"1":[106],"2":[5],"3":[1],"4":[2]},"fnMap":{"0":{"name":"<instance_members_initializer>","decl":{"start":{"line":12,"column":25},"end":{"line":40,"column":1}},"loc":{"start":{"line":12,"column":25},"end":{"line":40,"column":1}},"line":12},"1":{"name":"addRoll","decl":{"start":{"line":18,"column":2},"end":{"line":25,"column":3}},"loc":{"start":{"line":18,"column":2},"end":{"line":25,"column":3}},"line":18},"2":{"name":"clearHistory","decl":{"start":{"line":30,"column":2},"end":{"line":32,"column":3}},"loc":{"start":{"line":30,"column":2},"end":{"line":32,"column":3}},"line":30},"3":{"name":"getHistory","decl":{"start":{"line":37,"column":2},"end":{"line":39,"column":3}},"loc":{"start":{"line":37,"column":2},"end":{"line":39,"column":3}},"line":37}},"f":{"0":4,"1":106,"2":1,"3":2}}
,"/home/loshunter/HeroByte/apps/server/src/domains/map/service.ts": {"path":"/home/loshunter/HeroByte/apps/server/src/domains/map/service.ts","all":false,"statementMap":{"11":{"start":{"line":12,"column":0},"end":{"line":12,"column":25}},"12":{"start":{"line":13,"column":0},"end":{"line":13,"column":71}},"13":{"start":{"line":14,"column":0},"end":{"line":14,"column":45}},"14":{"start":{"line":15,"column":0},"end":{"line":15,"column":45}},"15":{"start":{"line":16,"column":0},"end":{"line":16,"column":5}},"16":{"start":{"line":17,"column":0},"end":{"line":17,"column":46}},"17":{"start":{"line":18,"column":0},"end":{"line":18,"column":3}},"22":{"start":{"line":23,"column":0},"end":{"line":23,"column":65}},"23":{"start":{"line":24,"column":0},"end":{"line":24,"column":41}},"24":{"start":{"line":25,"column":0},"end":{"line":25,"column":3}},"29":{"start":{"line":30,"column":0},"end":{"line":30,"column":53}},"30":{"start":{"line":31,"column":0},"end":{"line":31,"column":26}},"31":{"start":{"line":32,"column":0},"end":{"line":32,"column":3}},"36":{"start":{"line":37,"column":0},"end":{"line":37,"column":75}},"38":{"start":{"line":39,"column":0},"end":{"line":39,"column":65}},"40":{"start":{"line":41,"column":0},"end":{"line":41,"column":62}},"41":{"start":{"line":42,"column":0},"end":{"line":42,"column":3}},"46":{"start":{"line":47,"column":0},"end":{"line":47,"column":74}},"48":{"start":{"line":49,"column":0},"end":{"line":49,"column":57}},"50":{"start":{"line":51,"column":0},"end":{"line":51,"column":43}},"51":{"start":{"line":52,"column":0},"end":{"line":52,"column":3}},"57":{"start":{"line":58,"column":0},"end":{"line":58,"column":60}},"59":{"start":{"line":60,"column":0},"end":{"line":60,"column":23}},"60":{"start":{"line":61,"column":0},"end":{"line":61,"column":58}},"61":{"start":{"line":62,"column":0},"end":{"line":62,"column":49}},"62":{"start":{"line":63,"column":0},"end":{"line":63,"column":22}},"63":{"start":{"line":64,"column":0},"end":{"line":64,"column":14}},"64":{"start":{"line":65,"column":0},"end":{"line":65,"column":7}},"65":{"start":{"line":66,"column":0},"end":{"line":66,"column":5}},"68":{"start":{"line":69,"column":0},"end":{"line":69,"column":27}},"69":{"start":{"line":70,"column":0},"end":{"line":70,"column":60}},"70":{"start":{"line":71,"column":0},"end":{"line":71,"column":70}},"71":{"start":{"line":72,"column":0},"end":{"line":72,"column":56}},"72":{"start":{"line":73,"column":0},"end":{"line":73,"column":18}},"73":{"start":{"line":74,"column":0},"end":{"line":74,"column":5}},"75":{"start":{"line":76,"column":0},"end":{"line":76,"column":17}},"76":{"start":{"line":77,"column":0},"end":{"line":77,"column":3}},"81":{"start":{"line":82,"column":0},"end":{"line":82,"column":60}},"82":{"start":{"line":83,"column":0},"end":{"line":83,"column":53}},"83":{"start":{"line":84,"column":0},"end":{"line":84,"column":32}},"84":{"start":{"line":85,"column":0},"end":{"line":85,"column":18}},"85":{"start":{"line":86,"column":0},"end":{"line":86,"column":70}},"86":{"start":{"line":87,"column":0},"end":{"line":87,"column":36}},"87":{"start":{"line":88,"column":0},"end":{"line":88,"column":18}},"88":{"start":{"line":89,"column":0},"end":{"line":89,"column":5}},"89":{"start":{"line":90,"column":0},"end":{"line":90,"column":17}},"90":{"start":{"line":91,"column":0},"end":{"line":91,"column":3}},"95":{"start":{"line":96,"column":0},"end":{"line":96,"column":41}},"96":{"start":{"line":97,"column":0},"end":{"line":97,"column":24}},"97":{"start":{"line":98,"column":0},"end":{"line":98,"column":33}},"98":{"start":{"line":99,"column":0},"end":{"line":99,"column":3}},"104":{"start":{"line":105,"column":0},"end":{"line":105,"column":82}},"106":{"start":{"line":107,"column":0},"end":{"line":107,"column":35}},"107":{"start":{"line":108,"column":0},"end":{"line":108,"column":39}},"108":{"start":{"line":109,"column":0},"end":{"line":109,"column":28}},"109":{"start":{"line":110,"column":0},"end":{"line":110,"column":7}},"110":{"start":{"line":111,"column":0},"end":{"line":111,"column":7}},"113":{"start":{"line":114,"column":0},"end":{"line":114,"column":67}},"114":{"start":{"line":115,"column":0},"end":{"line":115,"column":18}},"115":{"start":{"line":116,"column":0},"end":{"line":116,"column":37}},"116":{"start":{"line":117,"column":0},"end":{"line":117,"column":18}},"117":{"start":{"line":118,"column":0},"end":{"line":118,"column":5}},"118":{"start":{"line":119,"column":0},"end":{"line":119,"column":17}},"119":{"start":{"line":120,"column":0},"end":{"line":120,"column":3}},"124":{"start":{"line":125,"column":0},"end":{"line":125,"column":62}},"125":{"start":{"line":126,"column":0},"end":{"line":126,"column":35}},"126":{"start":{"line":127,"column":0},"end":{"line":127,"column":39}},"127":{"start":{"line":128,"column":0},"end":{"line":128,"column":28}},"128":{"start":{"line":129,"column":0},"end":{"line":129,"column":7}},"129":{"start":{"line":130,"column":0},"end":{"line":130,"column":7}},"130":{"start":{"line":131,"column":0},"end":{"line":131,"column":3}},"136":{"start":{"line":137,"column":0},"end":{"line":137,"column":14}},"137":{"start":{"line":138,"column":0},"end":{"line":138,"column":21}},"138":{"start":{"line":139,"column":0},"end":{"line":139,"column":22}},"139":{"start":{"line":140,"column":0},"end":{"line":140,"column":15}},"140":{"start":{"line":141,"column":0},"end":{"line":141,"column":15}},"141":{"start":{"line":142,"column":0},"end":{"line":142,"column":22}},"142":{"start":{"line":143,"column":0},"end":{"line":143,"column":14}},"143":{"start":{"line":144,"column":0},"end":{"line":144,"column":67}},"144":{"start":{"line":145,"column":0},"end":{"line":145,"column":54}},"146":{"start":{"line":147,"column":0},"end":{"line":147,"column":51}},"147":{"start":{"line":148,"column":0},"end":{"line":148,"column":20}},"148":{"start":{"line":149,"column":0},"end":{"line":149,"column":20}},"149":{"start":{"line":150,"column":0},"end":{"line":150,"column":10}},"150":{"start":{"line":151,"column":0},"end":{"line":151,"column":18}},"151":{"start":{"line":152,"column":0},"end":{"line":152,"column":5}},"152":{"start":{"line":153,"column":0},"end":{"line":153,"column":17}},"153":{"start":{"line":154,"column":0},"end":{"line":154,"column":3}},"158":{"start":{"line":159,"column":0},"end":{"line":159,"column":63}},"159":{"start":{"line":160,"column":0},"end":{"line":160,"column":70}},"160":{"start":{"line":161,"column":0},"end":{"line":161,"column":23}},"161":{"start":{"line":162,"column":0},"end":{"line":162,"column":38}},"162":{"start":{"line":163,"column":0},"end":{"line":163,"column":18}},"163":{"start":{"line":164,"column":0},"end":{"line":164,"column":5}},"164":{"start":{"line":165,"column":0},"end":{"line":165,"column":17}},"165":{"start":{"line":166,"column":0},"end":{"line":166,"column":3}},"166":{"start":{"line":167,"column":0},"end":{"line":167,"column":1}}},"s":{"11":1,"12":1,"13":5,"14":0,"15":0,"16":5,"17":5,"22":1,"23":1,"24":1,"29":1,"30":1,"31":1,"36":1,"38":2,"40":2,"41":2,"46":1,"48":7,"50":7,"51":7,"57":1,"59":2,"60":2,"61":3,"62":2,"63":2,"64":2,"65":3,"68":2,"69":2,"70":2,"71":2,"72":2,"73":2,"75":0,"76":2,"81":1,"82":3,"83":3,"84":3,"85":2,"86":2,"87":2,"88":2,"89":1,"90":3,"95":1,"96":1,"97":1,"98":1,"104":1,"106":1,"107":1,"108":0,"109":0,"110":1,"113":1,"114":1,"115":1,"116":1,"117":1,"118":0,"119":1,"124":1,"125":1,"126":1,"127":1,"128":1,"129":1,"130":1,"136":1,"137":1,"138":1,"139":1,"140":1,"141":1,"142":1,"143":1,"144":1,"146":1,"147":1,"148":1,"149":1,"150":1,"151":1,"152":0,"153":1,"158":1,"159":1,"160":1,"161":1,"162":1,"163":1,"164":0,"165":1,"166":1},"branchMap":{"0":{"type":"branch","line":13,"loc":{"start":{"line":13,"column":10},"end":{"line":18,"column":3}},"locations":[{"start":{"line":13,"column":10},"end":{"line":18,"column":3}}]},"1":{"type":"branch","line":14,"loc":{"start":{"line":14,"column":44},"end":{"line":16,"column":5}},"locations":[{"start":{"line":14,"column":44},"end":{"line":16,"column":5}}]},"2":{"type":"branch","line":23,"loc":{"start":{"line":23,"column":2},"end":{"line":25,"column":3}},"locations":[{"start":{"line":23,"column":2},"end":{"line":25,"column":3}}]},"3":{"type":"branch","line":30,"loc":{"start":{"line":30,"column":2},"end":{"line":32,"column":3}},"locations":[{"start":{"line":30,"column":2},"end":{"line":32,"column":3}}]},"4":{"type":"branch","line":37,"loc":{"start":{"line":37,"column":2},"end":{"line":42,"column":3}},"locations":[{"start":{"line":37,"column":2},"end":{"line":42,"column":3}}]},"5":{"type":"branch","line":39,"loc":{"start":{"line":39,"column":43},"end":{"line":39,"column":63}},"locations":[{"start":{"line":39,"column":43},"end":{"line":39,"column":63}}]},"6":{"type":"branch","line":47,"loc":{"start":{"line":47,"column":2},"end":{"line":52,"column":3}},"locations":[{"start":{"line":47,"column":2},"end":{"line":52,"column":3}}]},"7":{"type":"branch","line":58,"loc":{"start":{"line":58,"column":2},"end":{"line":77,"column":3}},"locations":[{"start":{"line":58,"column":2},"end":{"line":77,"column":3}}]},"8":{"type":"branch","line":61,"loc":{"start":{"line":61,"column":57},"end":{"line":66,"column":5}},"locations":[{"start":{"line":61,"column":57},"end":{"line":66,"column":5}}]},"9":{"type":"branch","line":62,"loc":{"start":{"line":62,"column":48},"end":{"line":65,"column":7}},"locations":[{"start":{"line":62,"column":48},"end":{"line":65,"column":7}}]},"10":{"type":"branch","line":74,"loc":{"start":{"line":74,"column":4},"end":{"line":76,"column":17}},"locations":[{"start":{"line":74,"column":4},"end":{"line":76,"column":17}}]},"11":{"type":"branch","line":82,"loc":{"start":{"line":82,"column":2},"end":{"line":91,"column":3}},"locations":[{"start":{"line":82,"column":2},"end":{"line":91,"column":3}}]},"12":{"type":"branch","line":85,"loc":{"start":{"line":85,"column":17},"end":{"line":89,"column":5}},"locations":[{"start":{"line":85,"column":17},"end":{"line":89,"column":5}}]},"13":{"type":"branch","line":89,"loc":{"start":{"line":89,"column":4},"end":{"line":90,"column":17}},"locations":[{"start":{"line":89,"column":4},"end":{"line":90,"column":17}}]},"14":{"type":"branch","line":96,"loc":{"start":{"line":96,"column":2},"end":{"line":99,"column":3}},"locations":[{"start":{"line":96,"column":2},"end":{"line":99,"column":3}}]},"15":{"type":"branch","line":105,"loc":{"start":{"line":105,"column":2},"end":{"line":120,"column":3}},"locations":[{"start":{"line":105,"column":2},"end":{"line":120,"column":3}}]},"16":{"type":"branch","line":118,"loc":{"start":{"line":118,"column":4},"end":{"line":119,"column":17}},"locations":[{"start":{"line":118,"column":4},"end":{"line":119,"column":17}}]},"17":{"type":"branch","line":107,"loc":{"start":{"line":107,"column":27},"end":{"line":111,"column":5}},"locations":[{"start":{"line":107,"column":27},"end":{"line":111,"column":5}}]},"18":{"type":"branch","line":108,"loc":{"start":{"line":108,"column":38},"end":{"line":110,"column":7}},"locations":[{"start":{"line":108,"column":38},"end":{"line":110,"column":7}}]},"19":{"type":"branch","line":114,"loc":{"start":{"line":114,"column":40},"end":{"line":114,"column":65}},"locations":[{"start":{"line":114,"column":40},"end":{"line":114,"column":65}}]},"20":{"type":"branch","line":125,"loc":{"start":{"line":125,"column":2},"end":{"line":131,"column":3}},"locations":[{"start":{"line":125,"column":2},"end":{"line":131,"column":3}}]},"21":{"type":"branch","line":126,"loc":{"start":{"line":126,"column":27},"end":{"line":130,"column":5}},"locations":[{"start":{"line":126,"column":27},"end":{"line":130,"column":5}}]},"22":{"type":"branch","line":137,"loc":{"start":{"line":137,"column":2},"end":{"line":154,"column":3}},"locations":[{"start":{"line":137,"column":2},"end":{"line":154,"column":3}}]},"23":{"type":"branch","line":152,"loc":{"start":{"line":152,"column":4},"end":{"line":153,"column":17}},"locations":[{"start":{"line":152,"column":4},"end":{"line":153,"column":17}}]},"24":{"type":"branch","line":144,"loc":{"start":{"line":144,"column":40},"end":{"line":144,"column":65}},"locations":[{"start":{"line":144,"column":40},"end":{"line":144,"column":65}}]},"25":{"type":"branch","line":147,"loc":{"start":{"line":147,"column":42},"end":{"line":150,"column":8}},"locations":[{"start":{"line":147,"column":42},"end":{"line":150,"column":8}}]},"26":{"type":"branch","line":159,"loc":{"start":{"line":159,"column":2},"end":{"line":166,"column":3}},"locations":[{"start":{"line":159,"column":2},"end":{"line":166,"column":3}}]},"27":{"type":"branch","line":164,"loc":{"start":{"line":164,"column":4},"end":{"line":165,"column":17}},"locations":[{"start":{"line":164,"column":4},"end":{"line":165,"column":17}}]},"28":{"type":"branch","line":160,"loc":{"start":{"line":160,"column":43},"end":{"line":160,"column":68}},"locations":[{"start":{"line":160,"column":43},"end":{"line":160,"column":68}}]}},"b":{"0":[5],"1":[0],"2":[1],"3":[1],"4":[2],"5":[1],"6":[7],"7":[2],"8":[3],"9":[2],"10":[0],"11":[3],"12":[2],"13":[1],"14":[1],"15":[1],"16":[0],"17":[1],"18":[0],"19":[1],"20":[1],"21":[1],"22":[1],"23":[0],"24":[1],"25":[1],"26":[1],"27":[0],"28":[1]},"fnMap":{"0":{"name":"getRedoStack","decl":{"start":{"line":13,"column":10},"end":{"line":18,"column":3}},"loc":{"start":{"line":13,"column":10},"end":{"line":18,"column":3}},"line":13},"1":{"name":"setBackground","decl":{"start":{"line":23,"column":2},"end":{"line":25,"column":3}},"loc":{"start":{"line":23,"column":2},"end":{"line":25,"column":3}},"line":23},"2":{"name":"setGridSize","decl":{"start":{"line":30,"column":2},"end":{"line":32,"column":3}},"loc":{"start":{"line":30,"column":2},"end":{"line":32,"column":3}},"line":30},"3":{"name":"placePointer","decl":{"start":{"line":37,"column":2},"end":{"line":42,"column":3}},"loc":{"start":{"line":37,"column":2},"end":{"line":42,"column":3}},"line":37},"4":{"name":"addDrawing","decl":{"start":{"line":47,"column":2},"end":{"line":52,"column":3}},"loc":{"start":{"line":47,"column":2},"end":{"line":52,"column":3}},"line":47},"5":{"name":"undoDrawing","decl":{"start":{"line":58,"column":2},"end":{"line":77,"column":3}},"loc":{"start":{"line":58,"column":2},"end":{"line":77,"column":3}},"line":58},"6":{"name":"redoDrawing","decl":{"start":{"line":82,"column":2},"end":{"line":91,"column":3}},"loc":{"start":{"line":82,"column":2},"end":{"line":91,"column":3}},"line":82},"7":{"name":"clearDrawings","decl":{"start":{"line":96,"column":2},"end":{"line":99,"column":3}},"loc":{"start":{"line":96,"column":2},"end":{"line":99,"column":3}},"line":96},"8":{"name":"selectDrawing","decl":{"start":{"line":105,"column":2},"end":{"line":120,"column":3}},"loc":{"start":{"line":105,"column":2},"end":{"line":120,"column":3}},"line":105},"9":{"name":"deselectDrawing","decl":{"start":{"line":125,"column":2},"end":{"line":131,"column":3}},"loc":{"start":{"line":125,"column":2},"end":{"line":131,"column":3}},"line":125},"10":{"name":"moveDrawing","decl":{"start":{"line":137,"column":2},"end":{"line":154,"column":3}},"loc":{"start":{"line":137,"column":2},"end":{"line":154,"column":3}},"line":137},"11":{"name":"deleteDrawing","decl":{"start":{"line":159,"column":2},"end":{"line":166,"column":3}},"loc":{"start":{"line":159,"column":2},"end":{"line":166,"column":3}},"line":159}},"f":{"0":5,"1":1,"2":1,"3":2,"4":7,"5":2,"6":3,"7":1,"8":1,"9":1,"10":1,"11":1}}
,"/home/loshunter/HeroByte/apps/server/src/domains/player/service.ts": {"path":"/home/loshunter/HeroByte/apps/server/src/domains/player/service.ts","all":false,"statementMap":{"11":{"start":{"line":12,"column":0},"end":{"line":12,"column":28}},"15":{"start":{"line":16,"column":0},"end":{"line":16,"column":65}},"16":{"start":{"line":17,"column":0},"end":{"line":17,"column":52}},"17":{"start":{"line":18,"column":0},"end":{"line":18,"column":3}},"22":{"start":{"line":23,"column":0},"end":{"line":23,"column":55}},"23":{"start":{"line":24,"column":0},"end":{"line":24,"column":55}},"24":{"start":{"line":25,"column":0},"end":{"line":25,"column":25}},"25":{"start":{"line":26,"column":0},"end":{"line":26,"column":28}},"26":{"start":{"line":27,"column":0},"end":{"line":27,"column":5}},"28":{"start":{"line":29,"column":0},"end":{"line":29,"column":50}},"29":{"start":{"line":30,"column":0},"end":{"line":30,"column":31}},"30":{"start":{"line":31,"column":0},"end":{"line":31,"column":10}},"31":{"start":{"line":32,"column":0},"end":{"line":32,"column":37}},"32":{"start":{"line":33,"column":0},"end":{"line":33,"column":14}},"33":{"start":{"line":34,"column":0},"end":{"line":34,"column":17}},"34":{"start":{"line":35,"column":0},"end":{"line":35,"column":66}},"35":{"start":{"line":36,"column":0},"end":{"line":36,"column":6}},"37":{"start":{"line":38,"column":0},"end":{"line":38,"column":34}},"38":{"start":{"line":39,"column":0},"end":{"line":39,"column":21}},"39":{"start":{"line":40,"column":0},"end":{"line":40,"column":3}},"44":{"start":{"line":45,"column":0},"end":{"line":45,"column":77}},"45":{"start":{"line":46,"column":0},"end":{"line":46,"column":47}},"46":{"start":{"line":47,"column":0},"end":{"line":47,"column":17}},"47":{"start":{"line":48,"column":0},"end":{"line":48,"column":37}},"48":{"start":{"line":49,"column":0},"end":{"line":49,"column":18}},"49":{"start":{"line":50,"column":0},"end":{"line":50,"column":5}},"50":{"start":{"line":51,"column":0},"end":{"line":51,"column":17}},"51":{"start":{"line":52,"column":0},"end":{"line":52,"column":3}},"56":{"start":{"line":57,"column":0},"end":{"line":57,"column":64}},"57":{"start":{"line":58,"column":0},"end":{"line":58,"column":47}},"58":{"start":{"line":59,"column":0},"end":{"line":59,"column":17}},"59":{"start":{"line":60,"column":0},"end":{"line":60,"column":25}},"60":{"start":{"line":61,"column":0},"end":{"line":61,"column":18}},"61":{"start":{"line":62,"column":0},"end":{"line":62,"column":5}},"62":{"start":{"line":63,"column":0},"end":{"line":63,"column":17}},"63":{"start":{"line":64,"column":0},"end":{"line":64,"column":3}},"68":{"start":{"line":69,"column":0},"end":{"line":69,"column":70}},"69":{"start":{"line":70,"column":0},"end":{"line":70,"column":47}},"70":{"start":{"line":71,"column":0},"end":{"line":71,"column":17}},"71":{"start":{"line":72,"column":0},"end":{"line":72,"column":30}},"72":{"start":{"line":73,"column":0},"end":{"line":73,"column":18}},"73":{"start":{"line":74,"column":0},"end":{"line":74,"column":5}},"74":{"start":{"line":75,"column":0},"end":{"line":75,"column":17}},"75":{"start":{"line":76,"column":0},"end":{"line":76,"column":3}},"80":{"start":{"line":81,"column":0},"end":{"line":81,"column":76}},"81":{"start":{"line":82,"column":0},"end":{"line":82,"column":47}},"82":{"start":{"line":83,"column":0},"end":{"line":83,"column":17}},"83":{"start":{"line":84,"column":0},"end":{"line":84,"column":21}},"84":{"start":{"line":85,"column":0},"end":{"line":85,"column":27}},"85":{"start":{"line":86,"column":0},"end":{"line":86,"column":18}},"86":{"start":{"line":87,"column":0},"end":{"line":87,"column":5}},"87":{"start":{"line":88,"column":0},"end":{"line":88,"column":17}},"88":{"start":{"line":89,"column":0},"end":{"line":89,"column":3}},"93":{"start":{"line":94,"column":0},"end":{"line":94,"column":56}},"94":{"start":{"line":95,"column":0},"end":{"line":95,"column":64}},"95":{"start":{"line":96,"column":0},"end":{"line":96,"column":23}},"96":{"start":{"line":97,"column":0},"end":{"line":97,"column":37}},"97":{"start":{"line":98,"column":0},"end":{"line":98,"column":18}},"98":{"start":{"line":99,"column":0},"end":{"line":99,"column":5}},"99":{"start":{"line":100,"column":0},"end":{"line":100,"column":17}},"100":{"start":{"line":101,"column":0},"end":{"line":101,"column":3}},"101":{"start":{"line":102,"column":0},"end":{"line":102,"column":1}}},"s":{"11":1,"15":1,"16":16,"17":16,"22":1,"23":7,"24":7,"25":0,"26":0,"28":7,"29":7,"30":7,"31":7,"32":7,"33":7,"34":7,"35":7,"37":7,"38":7,"39":7,"44":1,"45":1,"46":1,"47":1,"48":1,"49":1,"50":0,"51":1,"56":1,"57":2,"58":2,"59":1,"60":1,"61":1,"62":1,"63":2,"68":1,"69":1,"70":1,"71":1,"72":1,"73":1,"74":0,"75":1,"80":1,"81":1,"82":1,"83":1,"84":1,"85":1,"86":1,"87":0,"88":1,"93":1,"94":1,"95":1,"96":1,"97":1,"98":1,"99":0,"100":1,"101":1},"branchMap":{"0":{"type":"branch","line":16,"loc":{"start":{"line":16,"column":2},"end":{"line":18,"column":3}},"locations":[{"start":{"line":16,"column":2},"end":{"line":18,"column":3}}]},"1":{"type":"branch","line":17,"loc":{"start":{"line":17,"column":30},"end":{"line":17,"column":50}},"locations":[{"start":{"line":17,"column":30},"end":{"line":17,"column":50}}]},"2":{"type":"branch","line":23,"loc":{"start":{"line":23,"column":2},"end":{"line":40,"column":3}},"locations":[{"start":{"line":23,"column":2},"end":{"line":40,"column":3}}]},"3":{"type":"branch","line":25,"loc":{"start":{"line":25,"column":24},"end":{"line":27,"column":5}},"locations":[{"start":{"line":25,"column":24},"end":{"line":27,"column":5}}]},"4":{"type":"branch","line":45,"loc":{"start":{"line":45,"column":2},"end":{"line":52,"column":3}},"locations":[{"start":{"line":45,"column":2},"end":{"line":52,"column":3}}]},"5":{"type":"branch","line":50,"loc":{"start":{"line":50,"column":4},"end":{"line":51,"column":17}},"locations":[{"start":{"line":50,"column":4},"end":{"line":51,"column":17}}]},"6":{"type":"branch","line":57,"loc":{"start":{"line":57,"column":2},"end":{"line":64,"column":3}},"locations":[{"start":{"line":57,"column":2},"end":{"line":64,"column":3}}]},"7":{"type":"branch","line":59,"loc":{"start":{"line":59,"column":16},"end":{"line":63,"column":17}},"locations":[{"start":{"line":59,"column":16},"end":{"line":63,"column":17}}]},"8":{"type":"branch","line":69,"loc":{"start":{"line":69,"column":2},"end":{"line":76,"column":3}},"locations":[{"start":{"line":69,"column":2},"end":{"line":76,"column":3}}]},"9":{"type":"branch","line":74,"loc":{"start":{"line":74,"column":4},"end":{"line":75,"column":17}},"locations":[{"start":{"line":74,"column":4},"end":{"line":75,"column":17}}]},"10":{"type":"branch","line":81,"loc":{"start":{"line":81,"column":2},"end":{"line":89,"column":3}},"locations":[{"start":{"line":81,"column":2},"end":{"line":89,"column":3}}]},"11":{"type":"branch","line":87,"loc":{"start":{"line":87,"column":4},"end":{"line":88,"column":17}},"locations":[{"start":{"line":87,"column":4},"end":{"line":88,"column":17}}]},"12":{"type":"branch","line":94,"loc":{"start":{"line":94,"column":2},"end":{"line":101,"column":3}},"locations":[{"start":{"line":94,"column":2},"end":{"line":101,"column":3}}]},"13":{"type":"branch","line":99,"loc":{"start":{"line":99,"column":4},"end":{"line":100,"column":17}},"locations":[{"start":{"line":99,"column":4},"end":{"line":100,"column":17}}]},"14":{"type":"branch","line":95,"loc":{"start":{"line":95,"column":42},"end":{"line":95,"column":62}},"locations":[{"start":{"line":95,"column":42},"end":{"line":95,"column":62}}]}},"b":{"0":[16],"1":[7],"2":[7],"3":[0],"4":[1],"5":[0],"6":[2],"7":[1],"8":[1],"9":[0],"10":[1],"11":[0],"12":[1],"13":[0],"14":[1]},"fnMap":{"0":{"name":"findPlayer","decl":{"start":{"line":16,"column":2},"end":{"line":18,"column":3}},"loc":{"start":{"line":16,"column":2},"end":{"line":18,"column":3}},"line":16},"1":{"name":"createPlayer","decl":{"start":{"line":23,"column":2},"end":{"line":40,"column":3}},"loc":{"start":{"line":23,"column":2},"end":{"line":40,"column":3}},"line":23},"2":{"name":"setPortrait","decl":{"start":{"line":45,"column":2},"end":{"line":52,"column":3}},"loc":{"start":{"line":45,"column":2},"end":{"line":52,"column":3}},"line":45},"3":{"name":"rename","decl":{"start":{"line":57,"column":2},"end":{"line":64,"column":3}},"loc":{"start":{"line":57,"column":2},"end":{"line":64,"column":3}},"line":57},"4":{"name":"setMicLevel","decl":{"start":{"line":69,"column":2},"end":{"line":76,"column":3}},"loc":{"start":{"line":69,"column":2},"end":{"line":76,"column":3}},"line":69},"5":{"name":"setHP","decl":{"start":{"line":81,"column":2},"end":{"line":89,"column":3}},"loc":{"start":{"line":81,"column":2},"end":{"line":89,"column":3}},"line":81},"6":{"name":"removePlayer","decl":{"start":{"line":94,"column":2},"end":{"line":101,"column":3}},"loc":{"start":{"line":94,"column":2},"end":{"line":101,"column":3}},"line":94}},"f":{"0":16,"1":7,"2":1,"3":2,"4":1,"5":1,"6":1}}
,"/home/loshunter/HeroByte/apps/server/src/domains/room/model.ts": {"path":"/home/loshunter/HeroByte/apps/server/src/domains/room/model.ts","all":false,"statementMap":{"26":{"start":{"line":27,"column":0},"end":{"line":27,"column":51}},"27":{"start":{"line":28,"column":0},"end":{"line":28,"column":10}},"28":{"start":{"line":29,"column":0},"end":{"line":29,"column":14}},"29":{"start":{"line":30,"column":0},"end":{"line":30,"column":15}},"30":{"start":{"line":31,"column":0},"end":{"line":31,"column":16}},"31":{"start":{"line":32,"column":0},"end":{"line":32,"column":19}},"32":{"start":{"line":33,"column":0},"end":{"line":33,"column":29}},"33":{"start":{"line":34,"column":0},"end":{"line":34,"column":17}},"34":{"start":{"line":35,"column":0},"end":{"line":35,"column":17}},"35":{"start":{"line":36,"column":0},"end":{"line":36,"column":17}},"36":{"start":{"line":37,"column":0},"end":{"line":37,"column":18}},"37":{"start":{"line":38,"column":0},"end":{"line":38,"column":26}},"38":{"start":{"line":39,"column":0},"end":{"line":39,"column":4}},"39":{"start":{"line":40,"column":0},"end":{"line":40,"column":1}},"44":{"start":{"line":45,"column":0},"end":{"line":45,"column":60}},"45":{"start":{"line":46,"column":0},"end":{"line":46,"column":10}},"46":{"start":{"line":47,"column":0},"end":{"line":47,"column":23}},"47":{"start":{"line":48,"column":0},"end":{"line":48,"column":25}},"48":{"start":{"line":49,"column":0},"end":{"line":49,"column":27}},"49":{"start":{"line":50,"column":0},"end":{"line":50,"column":33}},"50":{"start":{"line":51,"column":0},"end":{"line":51,"column":39}},"51":{"start":{"line":52,"column":0},"end":{"line":52,"column":29}},"52":{"start":{"line":53,"column":0},"end":{"line":53,"column":29}},"53":{"start":{"line":54,"column":0},"end":{"line":54,"column":29}},"54":{"start":{"line":55,"column":0},"end":{"line":55,"column":31}},"55":{"start":{"line":56,"column":0},"end":{"line":56,"column":4}},"56":{"start":{"line":57,"column":0},"end":{"line":57,"column":1}}},"s":{"26":1,"27":23,"28":23,"29":23,"30":23,"31":23,"32":23,"33":23,"34":23,"35":23,"36":23,"37":23,"38":23,"39":23,"44":1,"45":1,"46":1,"47":1,"48":1,"49":1,"50":1,"51":1,"52":1,"53":1,"54":1,"55":1,"56":1},"branchMap":{"0":{"type":"branch","line":27,"loc":{"start":{"line":27,"column":7},"end":{"line":40,"column":1}},"locations":[{"start":{"line":27,"column":7},"end":{"line":40,"column":1}}]},"1":{"type":"branch","line":45,"loc":{"start":{"line":45,"column":7},"end":{"line":57,"column":1}},"locations":[{"start":{"line":45,"column":7},"end":{"line":57,"column":1}}]}},"b":{"0":[23],"1":[1]},"fnMap":{"0":{"name":"createEmptyRoomState","decl":{"start":{"line":27,"column":7},"end":{"line":40,"column":1}},"loc":{"start":{"line":27,"column":7},"end":{"line":40,"column":1}},"line":27},"1":{"name":"toSnapshot","decl":{"start":{"line":45,"column":7},"end":{"line":57,"column":1}},"loc":{"start":{"line":45,"column":7},"end":{"line":57,"column":1}},"line":45}},"f":{"0":23,"1":1}}
,"/home/loshunter/HeroByte/apps/server/src/domains/room/service.ts": {"path":"/home/loshunter/HeroByte/apps/server/src/domains/room/service.ts","all":false,"statementMap":{"0":{"start":{"line":1,"column":0},"end":{"line":1,"column":79}},"11":{"start":{"line":12,"column":0},"end":{"line":12,"column":43}},"16":{"start":{"line":17,"column":0},"end":{"line":17,"column":26}},"17":{"start":{"line":18,"column":0},"end":{"line":18,"column":27}},"19":{"start":{"line":20,"column":0},"end":{"line":20,"column":17}},"20":{"start":{"line":21,"column":0},"end":{"line":21,"column":40}},"21":{"start":{"line":22,"column":0},"end":{"line":22,"column":3}},"26":{"start":{"line":27,"column":0},"end":{"line":27,"column":25}},"27":{"start":{"line":28,"column":0},"end":{"line":28,"column":22}},"28":{"start":{"line":29,"column":0},"end":{"line":29,"column":3}},"33":{"start":{"line":34,"column":0},"end":{"line":34,"column":48}},"34":{"start":{"line":35,"column":0},"end":{"line":35,"column":48}},"35":{"start":{"line":36,"column":0},"end":{"line":36,"column":3}},"40":{"start":{"line":41,"column":0},"end":{"line":41,"column":21}},"41":{"start":{"line":42,"column":0},"end":{"line":42,"column":33}},"42":{"start":{"line":43,"column":0},"end":{"line":43,"column":11}},"43":{"start":{"line":44,"column":0},"end":{"line":44,"column":67}},"44":{"start":{"line":45,"column":0},"end":{"line":45,"column":22}},"45":{"start":{"line":46,"column":0},"end":{"line":46,"column":60}},"46":{"start":{"line":47,"column":0},"end":{"line":47,"column":36}},"47":{"start":{"line":48,"column":0},"end":{"line":48,"column":38}},"48":{"start":{"line":49,"column":0},"end":{"line":49,"column":44}},"49":{"start":{"line":50,"column":0},"end":{"line":50,"column":44}},"50":{"start":{"line":51,"column":0},"end":{"line":51,"column":63}},"51":{"start":{"line":52,"column":0},"end":{"line":52,"column":40}},"52":{"start":{"line":53,"column":0},"end":{"line":53,"column":40}},"53":{"start":{"line":54,"column":0},"end":{"line":54,"column":42}},"54":{"start":{"line":55,"column":0},"end":{"line":55,"column":32}},"55":{"start":{"line":56,"column":0},"end":{"line":56,"column":10}},"56":{"start":{"line":57,"column":0},"end":{"line":57,"column":46}},"57":{"start":{"line":58,"column":0},"end":{"line":58,"column":21}},"58":{"start":{"line":59,"column":0},"end":{"line":59,"column":52}},"59":{"start":{"line":60,"column":0},"end":{"line":60,"column":7}},"60":{"start":{"line":61,"column":0},"end":{"line":61,"column":5}},"61":{"start":{"line":62,"column":0},"end":{"line":62,"column":3}},"66":{"start":{"line":67,"column":0},"end":{"line":67,"column":21}},"67":{"start":{"line":68,"column":0},"end":{"line":68,"column":9}},"68":{"start":{"line":69,"column":0},"end":{"line":69,"column":30}},"69":{"start":{"line":70,"column":0},"end":{"line":70,"column":34}},"70":{"start":{"line":71,"column":0},"end":{"line":71,"column":36}},"71":{"start":{"line":72,"column":0},"end":{"line":72,"column":42}},"72":{"start":{"line":73,"column":0},"end":{"line":73,"column":48}},"73":{"start":{"line":74,"column":0},"end":{"line":74,"column":38}},"74":{"start":{"line":75,"column":0},"end":{"line":75,"column":38}},"75":{"start":{"line":76,"column":0},"end":{"line":76,"column":40}},"76":{"start":{"line":77,"column":0},"end":{"line":77,"column":8}},"77":{"start":{"line":78,"column":0},"end":{"line":78,"column":73}},"78":{"start":{"line":79,"column":0},"end":{"line":79,"column":19}},"79":{"start":{"line":80,"column":0},"end":{"line":80,"column":50}},"80":{"start":{"line":81,"column":0},"end":{"line":81,"column":5}},"81":{"start":{"line":82,"column":0},"end":{"line":82,"column":3}},"87":{"start":{"line":88,"column":0},"end":{"line":88,"column":46}},"89":{"start":{"line":90,"column":0},"end":{"line":90,"column":49}},"90":{"start":{"line":91,"column":0},"end":{"line":91,"column":69}},"92":{"start":{"line":93,"column":0},"end":{"line":93,"column":89}},"93":{"start":{"line":94,"column":0},"end":{"line":94,"column":24}},"95":{"start":{"line":96,"column":0},"end":{"line":96,"column":16}},"96":{"start":{"line":97,"column":0},"end":{"line":97,"column":25}},"97":{"start":{"line":98,"column":0},"end":{"line":98,"column":79}},"98":{"start":{"line":99,"column":0},"end":{"line":99,"column":69}},"99":{"start":{"line":100,"column":0},"end":{"line":100,"column":10}},"100":{"start":{"line":101,"column":0},"end":{"line":101,"column":7}},"102":{"start":{"line":103,"column":0},"end":{"line":103,"column":27}},"103":{"start":{"line":104,"column":0},"end":{"line":104,"column":7}},"105":{"start":{"line":106,"column":0},"end":{"line":106,"column":18}},"106":{"start":{"line":107,"column":0},"end":{"line":107,"column":68}},"107":{"start":{"line":108,"column":0},"end":{"line":108,"column":36}},"108":{"start":{"line":109,"column":0},"end":{"line":109,"column":29}},"109":{"start":{"line":110,"column":0},"end":{"line":110,"column":44}},"110":{"start":{"line":111,"column":0},"end":{"line":111,"column":44}},"111":{"start":{"line":112,"column":0},"end":{"line":112,"column":45}},"112":{"start":{"line":113,"column":0},"end":{"line":113,"column":40}},"113":{"start":{"line":114,"column":0},"end":{"line":114,"column":40}},"114":{"start":{"line":115,"column":0},"end":{"line":115,"column":42}},"115":{"start":{"line":116,"column":0},"end":{"line":116,"column":28}},"116":{"start":{"line":117,"column":0},"end":{"line":117,"column":6}},"117":{"start":{"line":118,"column":0},"end":{"line":118,"column":96}},"118":{"start":{"line":119,"column":0},"end":{"line":119,"column":3}},"123":{"start":{"line":124,"column":0},"end":{"line":124,"column":27}},"124":{"start":{"line":125,"column":0},"end":{"line":125,"column":27}},"125":{"start":{"line":126,"column":0},"end":{"line":126,"column":86}},"126":{"start":{"line":127,"column":0},"end":{"line":127,"column":3}},"131":{"start":{"line":132,"column":0},"end":{"line":132,"column":44}},"132":{"start":{"line":133,"column":0},"end":{"line":133,"column":27}},"134":{"start":{"line":135,"column":0},"end":{"line":135,"column":44}},"135":{"start":{"line":136,"column":0},"end":{"line":136,"column":42}},"137":{"start":{"line":138,"column":0},"end":{"line":138,"column":33}},"138":{"start":{"line":139,"column":0},"end":{"line":139,"column":36}},"140":{"start":{"line":141,"column":0},"end":{"line":141,"column":26}},"141":{"start":{"line":142,"column":0},"end":{"line":142,"column":7}},"142":{"start":{"line":143,"column":0},"end":{"line":143,"column":7}},"144":{"start":{"line":145,"column":0},"end":{"line":145,"column":21}},"145":{"start":{"line":146,"column":0},"end":{"line":146,"column":3}},"146":{"start":{"line":147,"column":0},"end":{"line":147,"column":1}}},"s":{"0":1,"11":1,"16":1,"17":7,"19":7,"20":7,"21":7,"26":7,"27":14,"28":14,"33":7,"34":1,"35":1,"40":7,"41":1,"42":1,"43":1,"44":1,"45":1,"46":1,"47":1,"48":1,"49":1,"50":1,"51":1,"52":1,"53":1,"54":1,"55":1,"56":1,"57":1,"58":0,"59":0,"60":1,"61":1,"66":7,"67":1,"68":1,"69":1,"70":1,"71":1,"72":1,"73":1,"74":1,"75":1,"76":1,"77":1,"78":1,"79":0,"80":0,"81":1,"87":7,"89":1,"90":1,"92":1,"93":1,"95":1,"96":1,"97":1,"98":1,"99":1,"100":1,"102":0,"103":1,"105":1,"106":1,"107":1,"108":1,"109":1,"110":1,"111":1,"112":1,"113":1,"114":1,"115":1,"116":1,"117":1,"118":1,"123":7,"124":1,"125":1,"126":1,"131":7,"132":1,"134":1,"135":1,"137":1,"138":1,"140":1,"141":1,"142":1,"144":1,"145":1,"146":7},"branchMap":{"0":{"type":"branch","line":17,"loc":{"start":{"line":17,"column":25},"end":{"line":147,"column":1}},"locations":[{"start":{"line":17,"column":25},"end":{"line":147,"column":1}}]},"1":{"type":"branch","line":20,"loc":{"start":{"line":20,"column":2},"end":{"line":22,"column":3}},"locations":[{"start":{"line":20,"column":2},"end":{"line":22,"column":3}}]},"2":{"type":"branch","line":27,"loc":{"start":{"line":27,"column":2},"end":{"line":29,"column":3}},"locations":[{"start":{"line":27,"column":2},"end":{"line":29,"column":3}}]},"3":{"type":"branch","line":34,"loc":{"start":{"line":34,"column":2},"end":{"line":36,"column":3}},"locations":[{"start":{"line":34,"column":2},"end":{"line":36,"column":3}}]},"4":{"type":"branch","line":41,"loc":{"start":{"line":41,"column":2},"end":{"line":62,"column":3}},"locations":[{"start":{"line":41,"column":2},"end":{"line":62,"column":3}}]},"5":{"type":"branch","line":47,"loc":{"start":{"line":47,"column":23},"end":{"line":47,"column":36}},"locations":[{"start":{"line":47,"column":23},"end":{"line":47,"column":36}}]},"6":{"type":"branch","line":48,"loc":{"start":{"line":48,"column":24},"end":{"line":48,"column":38}},"locations":[{"start":{"line":48,"column":24},"end":{"line":48,"column":38}}]},"7":{"type":"branch","line":49,"loc":{"start":{"line":49,"column":27},"end":{"line":49,"column":44}},"locations":[{"start":{"line":49,"column":27},"end":{"line":49,"column":44}}]},"8":{"type":"branch","line":52,"loc":{"start":{"line":52,"column":25},"end":{"line":52,"column":40}},"locations":[{"start":{"line":52,"column":25},"end":{"line":52,"column":40}}]},"9":{"type":"branch","line":53,"loc":{"start":{"line":53,"column":25},"end":{"line":53,"column":40}},"locations":[{"start":{"line":53,"column":25},"end":{"line":53,"column":40}}]},"10":{"type":"branch","line":54,"loc":{"start":{"line":54,"column":26},"end":{"line":54,"column":42}},"locations":[{"start":{"line":54,"column":26},"end":{"line":54,"column":42}}]},"11":{"type":"branch","line":58,"loc":{"start":{"line":58,"column":6},"end":{"line":60,"column":7}},"locations":[{"start":{"line":58,"column":6},"end":{"line":60,"column":7}}]},"12":{"type":"branch","line":67,"loc":{"start":{"line":67,"column":2},"end":{"line":82,"column":3}},"locations":[{"start":{"line":67,"column":2},"end":{"line":82,"column":3}}]},"13":{"type":"branch","line":79,"loc":{"start":{"line":79,"column":4},"end":{"line":81,"column":5}},"locations":[{"start":{"line":79,"column":4},"end":{"line":81,"column":5}}]},"14":{"type":"branch","line":88,"loc":{"start":{"line":88,"column":2},"end":{"line":119,"column":3}},"locations":[{"start":{"line":88,"column":2},"end":{"line":119,"column":3}}]},"15":{"type":"branch","line":90,"loc":{"start":{"line":90,"column":35},"end":{"line":90,"column":49}},"locations":[{"start":{"line":90,"column":35},"end":{"line":90,"column":49}}]},"16":{"type":"branch","line":108,"loc":{"start":{"line":108,"column":23},"end":{"line":108,"column":36}},"locations":[{"start":{"line":108,"column":23},"end":{"line":108,"column":36}}]},"17":{"type":"branch","line":110,"loc":{"start":{"line":110,"column":27},"end":{"line":110,"column":44}},"locations":[{"start":{"line":110,"column":27},"end":{"line":110,"column":44}}]},"18":{"type":"branch","line":113,"loc":{"start":{"line":113,"column":25},"end":{"line":113,"column":40}},"locations":[{"start":{"line":113,"column":25},"end":{"line":113,"column":40}}]},"19":{"type":"branch","line":114,"loc":{"start":{"line":114,"column":25},"end":{"line":114,"column":40}},"locations":[{"start":{"line":114,"column":25},"end":{"line":114,"column":40}}]},"20":{"type":"branch","line":115,"loc":{"start":{"line":115,"column":26},"end":{"line":115,"column":42}},"locations":[{"start":{"line":115,"column":26},"end":{"line":115,"column":42}}]},"21":{"type":"branch","line":91,"loc":{"start":{"line":91,"column":49},"end":{"line":104,"column":5}},"locations":[{"start":{"line":91,"column":49},"end":{"line":104,"column":5}}]},"22":{"type":"branch","line":101,"loc":{"start":{"line":101,"column":6},"end":{"line":103,"column":27}},"locations":[{"start":{"line":101,"column":6},"end":{"line":103,"column":27}}]},"23":{"type":"branch","line":93,"loc":{"start":{"line":93,"column":45},"end":{"line":93,"column":87}},"locations":[{"start":{"line":93,"column":45},"end":{"line":93,"column":87}}]},"24":{"type":"branch","line":124,"loc":{"start":{"line":124,"column":2},"end":{"line":127,"column":3}},"locations":[{"start":{"line":124,"column":2},"end":{"line":127,"column":3}}]},"25":{"type":"branch","line":126,"loc":{"start":{"line":126,"column":53},"end":{"line":126,"column":84}},"locations":[{"start":{"line":126,"column":53},"end":{"line":126,"column":84}}]},"26":{"type":"branch","line":132,"loc":{"start":{"line":132,"column":2},"end":{"line":146,"column":3}},"locations":[{"start":{"line":132,"column":2},"end":{"line":146,"column":3}}]},"27":{"type":"branch","line":138,"loc":{"start":{"line":138,"column":20},"end":{"line":143,"column":5}},"locations":[{"start":{"line":138,"column":20},"end":{"line":143,"column":5}}]}},"b":{"0":[7],"1":[7],"2":[14],"3":[1],"4":[1],"5":[0],"6":[0],"7":[0],"8":[0],"9":[0],"10":[0],"11":[0],"12":[1],"13":[0],"14":[1],"15":[0],"16":[0],"17":[0],"18":[0],"19":[0],"20":[0],"21":[1],"22":[0],"23":[1],"24":[1],"25":[1],"26":[1],"27":[1]},"fnMap":{"0":{"name":"<instance_members_initializer>","decl":{"start":{"line":17,"column":25},"end":{"line":147,"column":1}},"loc":{"start":{"line":17,"column":25},"end":{"line":147,"column":1}},"line":17},"1":{"name":"RoomService","decl":{"start":{"line":20,"column":2},"end":{"line":22,"column":3}},"loc":{"start":{"line":20,"column":2},"end":{"line":22,"column":3}},"line":20},"2":{"name":"getState","decl":{"start":{"line":27,"column":2},"end":{"line":29,"column":3}},"loc":{"start":{"line":27,"column":2},"end":{"line":29,"column":3}},"line":27},"3":{"name":"setState","decl":{"start":{"line":34,"column":2},"end":{"line":36,"column":3}},"loc":{"start":{"line":34,"column":2},"end":{"line":36,"column":3}},"line":34},"4":{"name":"loadState","decl":{"start":{"line":41,"column":2},"end":{"line":62,"column":3}},"loc":{"start":{"line":41,"column":2},"end":{"line":62,"column":3}},"line":41},"5":{"name":"saveState","decl":{"start":{"line":67,"column":2},"end":{"line":82,"column":3}},"loc":{"start":{"line":67,"column":2},"end":{"line":82,"column":3}},"line":67},"6":{"name":"loadSnapshot","decl":{"start":{"line":88,"column":2},"end":{"line":119,"column":3}},"loc":{"start":{"line":88,"column":2},"end":{"line":119,"column":3}},"line":88},"7":{"name":"cleanupPointers","decl":{"start":{"line":124,"column":2},"end":{"line":127,"column":3}},"loc":{"start":{"line":124,"column":2},"end":{"line":127,"column":3}},"line":124},"8":{"name":"broadcast","decl":{"start":{"line":132,"column":2},"end":{"line":146,"column":3}},"loc":{"start":{"line":132,"column":2},"end":{"line":146,"column":3}},"line":132}},"f":{"0":7,"1":7,"2":14,"3":1,"4":1,"5":1,"6":1,"7":1,"8":1}}
,"/home/loshunter/HeroByte/apps/server/src/domains/token/service.ts": {"path":"/home/loshunter/HeroByte/apps/server/src/domains/token/service.ts","all":false,"statementMap":{"0":{"start":{"line":1,"column":0},"end":{"line":1,"column":79}},"12":{"start":{"line":13,"column":0},"end":{"line":13,"column":27}},"16":{"start":{"line":17,"column":0},"end":{"line":17,"column":33}},"17":{"start":{"line":18,"column":0},"end":{"line":18,"column":63}},"18":{"start":{"line":19,"column":0},"end":{"line":19,"column":3}},"23":{"start":{"line":24,"column":0},"end":{"line":24,"column":67}},"24":{"start":{"line":25,"column":0},"end":{"line":25,"column":54}},"25":{"start":{"line":26,"column":0},"end":{"line":26,"column":3}},"30":{"start":{"line":31,"column":0},"end":{"line":31,"column":75}},"31":{"start":{"line":32,"column":0},"end":{"line":32,"column":58}},"32":{"start":{"line":33,"column":0},"end":{"line":33,"column":3}},"37":{"start":{"line":38,"column":0},"end":{"line":38,"column":88}},"38":{"start":{"line":39,"column":0},"end":{"line":39,"column":29}},"39":{"start":{"line":40,"column":0},"end":{"line":40,"column":23}},"40":{"start":{"line":41,"column":0},"end":{"line":41,"column":22}},"41":{"start":{"line":42,"column":0},"end":{"line":42,"column":8}},"42":{"start":{"line":43,"column":0},"end":{"line":43,"column":8}},"43":{"start":{"line":44,"column":0},"end":{"line":44,"column":32}},"44":{"start":{"line":45,"column":0},"end":{"line":45,"column":6}},"46":{"start":{"line":47,"column":0},"end":{"line":47,"column":32}},"47":{"start":{"line":48,"column":0},"end":{"line":48,"column":43}},"48":{"start":{"line":49,"column":0},"end":{"line":49,"column":20}},"49":{"start":{"line":50,"column":0},"end":{"line":50,"column":3}},"54":{"start":{"line":55,"column":0},"end":{"line":55,"column":97}},"55":{"start":{"line":56,"column":0},"end":{"line":56,"column":85}},"56":{"start":{"line":57,"column":0},"end":{"line":57,"column":16}},"57":{"start":{"line":58,"column":0},"end":{"line":58,"column":18}},"58":{"start":{"line":59,"column":0},"end":{"line":59,"column":18}},"59":{"start":{"line":60,"column":0},"end":{"line":60,"column":18}},"60":{"start":{"line":61,"column":0},"end":{"line":61,"column":5}},"61":{"start":{"line":62,"column":0},"end":{"line":62,"column":17}},"62":{"start":{"line":63,"column":0},"end":{"line":63,"column":3}},"67":{"start":{"line":68,"column":0},"end":{"line":68,"column":78}},"68":{"start":{"line":69,"column":0},"end":{"line":69,"column":85}},"69":{"start":{"line":70,"column":0},"end":{"line":70,"column":16}},"70":{"start":{"line":71,"column":0},"end":{"line":71,"column":39}},"71":{"start":{"line":72,"column":0},"end":{"line":72,"column":18}},"72":{"start":{"line":73,"column":0},"end":{"line":73,"column":5}},"73":{"start":{"line":74,"column":0},"end":{"line":74,"column":17}},"74":{"start":{"line":75,"column":0},"end":{"line":75,"column":3}},"79":{"start":{"line":80,"column":0},"end":{"line":80,"column":77}},"80":{"start":{"line":81,"column":0},"end":{"line":81,"column":90}},"81":{"start":{"line":82,"column":0},"end":{"line":82,"column":23}},"82":{"start":{"line":83,"column":0},"end":{"line":83,"column":36}},"83":{"start":{"line":84,"column":0},"end":{"line":84,"column":18}},"84":{"start":{"line":85,"column":0},"end":{"line":85,"column":5}},"85":{"start":{"line":86,"column":0},"end":{"line":86,"column":17}},"86":{"start":{"line":87,"column":0},"end":{"line":87,"column":3}},"91":{"start":{"line":92,"column":0},"end":{"line":92,"column":70}},"92":{"start":{"line":93,"column":0},"end":{"line":93,"column":72}},"93":{"start":{"line":94,"column":0},"end":{"line":94,"column":3}},"94":{"start":{"line":95,"column":0},"end":{"line":95,"column":1}}},"s":{"0":1,"12":1,"16":1,"17":8,"18":8,"23":1,"24":0,"25":0,"30":1,"31":3,"32":3,"37":1,"38":7,"39":7,"40":7,"41":7,"42":7,"43":7,"44":7,"46":7,"47":7,"48":7,"49":7,"54":1,"55":2,"56":2,"57":1,"58":1,"59":1,"60":1,"61":1,"62":2,"67":1,"68":2,"69":2,"70":1,"71":1,"72":1,"73":1,"74":2,"79":1,"80":2,"81":2,"82":1,"83":1,"84":1,"85":1,"86":2,"91":1,"92":1,"93":1,"94":1},"branchMap":{"0":{"type":"branch","line":17,"loc":{"start":{"line":17,"column":10},"end":{"line":19,"column":3}},"locations":[{"start":{"line":17,"column":10},"end":{"line":19,"column":3}}]},"1":{"type":"branch","line":31,"loc":{"start":{"line":31,"column":2},"end":{"line":33,"column":3}},"locations":[{"start":{"line":31,"column":2},"end":{"line":33,"column":3}}]},"2":{"type":"branch","line":38,"loc":{"start":{"line":38,"column":2},"end":{"line":50,"column":3}},"locations":[{"start":{"line":38,"column":2},"end":{"line":50,"column":3}}]},"3":{"type":"branch","line":55,"loc":{"start":{"line":55,"column":2},"end":{"line":63,"column":3}},"locations":[{"start":{"line":55,"column":2},"end":{"line":63,"column":3}}]},"4":{"type":"branch","line":57,"loc":{"start":{"line":57,"column":15},"end":{"line":62,"column":17}},"locations":[{"start":{"line":57,"column":15},"end":{"line":62,"column":17}}]},"5":{"type":"branch","line":56,"loc":{"start":{"line":56,"column":36},"end":{"line":56,"column":83}},"locations":[{"start":{"line":56,"column":36},"end":{"line":56,"column":83}}]},"6":{"type":"branch","line":68,"loc":{"start":{"line":68,"column":2},"end":{"line":75,"column":3}},"locations":[{"start":{"line":68,"column":2},"end":{"line":75,"column":3}}]},"7":{"type":"branch","line":70,"loc":{"start":{"line":70,"column":15},"end":{"line":74,"column":17}},"locations":[{"start":{"line":70,"column":15},"end":{"line":74,"column":17}}]},"8":{"type":"branch","line":69,"loc":{"start":{"line":69,"column":36},"end":{"line":69,"column":83}},"locations":[{"start":{"line":69,"column":36},"end":{"line":69,"column":83}}]},"9":{"type":"branch","line":80,"loc":{"start":{"line":80,"column":2},"end":{"line":87,"column":3}},"locations":[{"start":{"line":80,"column":2},"end":{"line":87,"column":3}}]},"10":{"type":"branch","line":82,"loc":{"start":{"line":82,"column":22},"end":{"line":86,"column":17}},"locations":[{"start":{"line":82,"column":22},"end":{"line":86,"column":17}}]},"11":{"type":"branch","line":81,"loc":{"start":{"line":81,"column":41},"end":{"line":81,"column":88}},"locations":[{"start":{"line":81,"column":41},"end":{"line":81,"column":88}}]},"12":{"type":"branch","line":92,"loc":{"start":{"line":92,"column":2},"end":{"line":94,"column":3}},"locations":[{"start":{"line":92,"column":2},"end":{"line":94,"column":3}}]},"13":{"type":"branch","line":93,"loc":{"start":{"line":93,"column":39},"end":{"line":93,"column":70}},"locations":[{"start":{"line":93,"column":39},"end":{"line":93,"column":70}}]}},"b":{"0":[8],"1":[3],"2":[7],"3":[2],"4":[1],"5":[2],"6":[2],"7":[1],"8":[2],"9":[2],"10":[1],"11":[2],"12":[1],"13":[2]},"fnMap":{"0":{"name":"randomColor","decl":{"start":{"line":17,"column":10},"end":{"line":19,"column":3}},"loc":{"start":{"line":17,"column":10},"end":{"line":19,"column":3}},"line":17},"1":{"name":"findToken","decl":{"start":{"line":24,"column":2},"end":{"line":26,"column":3}},"loc":{"start":{"line":24,"column":2},"end":{"line":26,"column":3}},"line":24},"2":{"name":"findTokenByOwner","decl":{"start":{"line":31,"column":2},"end":{"line":33,"column":3}},"loc":{"start":{"line":31,"column":2},"end":{"line":33,"column":3}},"line":31},"3":{"name":"createToken","decl":{"start":{"line":38,"column":2},"end":{"line":50,"column":3}},"loc":{"start":{"line":38,"column":2},"end":{"line":50,"column":3}},"line":38},"4":{"name":"moveToken","decl":{"start":{"line":55,"column":2},"end":{"line":63,"column":3}},"loc":{"start":{"line":55,"column":2},"end":{"line":63,"column":3}},"line":55},"5":{"name":"recolorToken","decl":{"start":{"line":68,"column":2},"end":{"line":75,"column":3}},"loc":{"start":{"line":68,"column":2},"end":{"line":75,"column":3}},"line":68},"6":{"name":"deleteToken","decl":{"start":{"line":80,"column":2},"end":{"line":87,"column":3}},"loc":{"start":{"line":80,"column":2},"end":{"line":87,"column":3}},"line":80},"7":{"name":"clearAllTokensExcept","decl":{"start":{"line":92,"column":2},"end":{"line":94,"column":3}},"loc":{"start":{"line":92,"column":2},"end":{"line":94,"column":3}},"line":92}},"f":{"0":8,"1":0,"2":3,"3":7,"4":2,"5":2,"6":2,"7":1}}
,"/home/loshunter/HeroByte/apps/server/src/http/routes.ts": {"path":"/home/loshunter/HeroByte/apps/server/src/http/routes.ts","all":true,"statementMap":{"0":{"start":{"line":1,"column":0},"end":{"line":1,"column":79}},"11":{"start":{"line":12,"column":0},"end":{"line":12,"column":38}},"12":{"start":{"line":13,"column":0},"end":{"line":13,"column":25}},"15":{"start":{"line":16,"column":0},"end":{"line":16,"column":21}},"16":{"start":{"line":17,"column":0},"end":{"line":17,"column":12}},"17":{"start":{"line":18,"column":0},"end":{"line":18,"column":34}},"18":{"start":{"line":19,"column":0},"end":{"line":19,"column":23}},"19":{"start":{"line":20,"column":0},"end":{"line":20,"column":24}},"20":{"start":{"line":21,"column":0},"end":{"line":21,"column":36}},"21":{"start":{"line":22,"column":0},"end":{"line":22,"column":56}},"22":{"start":{"line":23,"column":0},"end":{"line":23,"column":7}},"23":{"start":{"line":24,"column":0},"end":{"line":24,"column":4}},"26":{"start":{"line":27,"column":0},"end":{"line":27,"column":54}},"29":{"start":{"line":30,"column":0},"end":{"line":30,"column":43}},"31":{"start":{"line":32,"column":0},"end":{"line":32,"column":13}},"32":{"start":{"line":33,"column":0},"end":{"line":33,"column":1}}},"s":{"0":0,"11":0,"12":0,"15":0,"16":0,"17":0,"18":0,"19":0,"20":0,"21":0,"22":0,"23":0,"26":0,"29":0,"31":0,"32":0},"branchMap":{"0":{"type":"branch","line":1,"loc":{"start":{"line":1,"column":906},"end":{"line":33,"column":1}},"locations":[{"start":{"line":1,"column":906},"end":{"line":33,"column":1}}]}},"b":{"0":[0]},"fnMap":{"0":{"name":"(empty-report)","decl":{"start":{"line":1,"column":906},"end":{"line":33,"column":1}},"loc":{"start":{"line":1,"column":906},"end":{"line":33,"column":1}},"line":1}},"f":{"0":0}}
,"/home/loshunter/HeroByte/apps/server/src/middleware/rateLimit.ts": {"path":"/home/loshunter/HeroByte/apps/server/src/middleware/rateLimit.ts","all":false,"statementMap":{"25":{"start":{"line":26,"column":0},"end":{"line":26,"column":26}},"26":{"start":{"line":27,"column":0},"end":{"line":27,"column":59}},"27":{"start":{"line":28,"column":0},"end":{"line":28,"column":34}},"29":{"start":{"line":30,"column":0},"end":{"line":30,"column":79}},"30":{"start":{"line":31,"column":0},"end":{"line":31,"column":25}},"33":{"start":{"line":34,"column":0},"end":{"line":34,"column":45}},"34":{"start":{"line":35,"column":0},"end":{"line":35,"column":3}},"40":{"start":{"line":41,"column":0},"end":{"line":41,"column":36}},"41":{"start":{"line":42,"column":0},"end":{"line":42,"column":27}},"42":{"start":{"line":43,"column":0},"end":{"line":43,"column":44}},"45":{"start":{"line":46,"column":0},"end":{"line":46,"column":17}},"46":{"start":{"line":47,"column":0},"end":{"line":47,"column":33}},"47":{"start":{"line":48,"column":0},"end":{"line":48,"column":17}},"48":{"start":{"line":49,"column":0},"end":{"line":49,"column":46}},"49":{"start":{"line":50,"column":0},"end":{"line":50,"column":9}},"50":{"start":{"line":51,"column":0},"end":{"line":51,"column":18}},"51":{"start":{"line":52,"column":0},"end":{"line":52,"column":5}},"54":{"start":{"line":55,"column":0},"end":{"line":55,"column":33}},"55":{"start":{"line":56,"column":0},"end":{"line":56,"column":22}},"56":{"start":{"line":57,"column":0},"end":{"line":57,"column":51}},"57":{"start":{"line":58,"column":0},"end":{"line":58,"column":18}},"58":{"start":{"line":59,"column":0},"end":{"line":59,"column":5}},"61":{"start":{"line":62,"column":0},"end":{"line":62,"column":48}},"62":{"start":{"line":63,"column":0},"end":{"line":63,"column":20}},"63":{"start":{"line":64,"column":0},"end":{"line":64,"column":18}},"64":{"start":{"line":65,"column":0},"end":{"line":65,"column":5}},"67":{"start":{"line":68,"column":0},"end":{"line":68,"column":17}},"68":{"start":{"line":69,"column":0},"end":{"line":69,"column":3}},"73":{"start":{"line":74,"column":0},"end":{"line":74,"column":27}},"74":{"start":{"line":75,"column":0},"end":{"line":75,"column":27}},"75":{"start":{"line":76,"column":0},"end":{"line":76,"column":60}},"76":{"start":{"line":77,"column":0},"end":{"line":77,"column":35}},"77":{"start":{"line":78,"column":0},"end":{"line":78,"column":37}},"78":{"start":{"line":79,"column":0},"end":{"line":79,"column":7}},"79":{"start":{"line":80,"column":0},"end":{"line":80,"column":5}},"80":{"start":{"line":81,"column":0},"end":{"line":81,"column":3}},"85":{"start":{"line":86,"column":0},"end":{"line":86,"column":95}},"86":{"start":{"line":87,"column":0},"end":{"line":87,"column":44}},"87":{"start":{"line":88,"column":0},"end":{"line":88,"column":17}},"88":{"start":{"line":89,"column":0},"end":{"line":89,"column":18}},"89":{"start":{"line":90,"column":0},"end":{"line":90,"column":5}},"91":{"start":{"line":92,"column":0},"end":{"line":92,"column":12}},"92":{"start":{"line":93,"column":0},"end":{"line":93,"column":25}},"93":{"start":{"line":94,"column":0},"end":{"line":94,"column":68}},"94":{"start":{"line":95,"column":0},"end":{"line":95,"column":33}},"95":{"start":{"line":96,"column":0},"end":{"line":96,"column":6}},"96":{"start":{"line":97,"column":0},"end":{"line":97,"column":3}},"101":{"start":{"line":102,"column":0},"end":{"line":102,"column":33}},"102":{"start":{"line":103,"column":0},"end":{"line":103,"column":33}},"103":{"start":{"line":104,"column":0},"end":{"line":104,"column":3}},"104":{"start":{"line":105,"column":0},"end":{"line":105,"column":1}}},"s":{"25":1,"26":7,"27":7,"29":7,"30":7,"33":7,"34":7,"40":7,"41":11,"42":11,"45":11,"46":4,"47":4,"48":4,"49":4,"50":4,"51":4,"54":11,"55":1,"56":1,"57":1,"58":1,"61":11,"62":4,"63":4,"64":4,"67":2,"68":11,"73":7,"74":4,"75":4,"76":3,"77":3,"78":3,"79":3,"80":4,"85":7,"86":2,"87":2,"88":1,"89":1,"91":1,"92":1,"93":1,"94":1,"95":1,"96":2,"101":7,"102":1,"103":1,"104":7},"branchMap":{"0":{"type":"branch","line":26,"loc":{"start":{"line":26,"column":25},"end":{"line":105,"column":1}},"locations":[{"start":{"line":26,"column":25},"end":{"line":105,"column":1}}]},"1":{"type":"branch","line":30,"loc":{"start":{"line":30,"column":2},"end":{"line":35,"column":3}},"locations":[{"start":{"line":30,"column":2},"end":{"line":35,"column":3}}]},"2":{"type":"branch","line":34,"loc":{"start":{"line":34,"column":16},"end":{"line":34,"column":38}},"locations":[{"start":{"line":34,"column":16},"end":{"line":34,"column":38}}]},"3":{"type":"branch","line":41,"loc":{"start":{"line":41,"column":2},"end":{"line":69,"column":3}},"locations":[{"start":{"line":41,"column":2},"end":{"line":69,"column":3}}]},"4":{"type":"branch","line":46,"loc":{"start":{"line":46,"column":16},"end":{"line":52,"column":5}},"locations":[{"start":{"line":46,"column":16},"end":{"line":52,"column":5}}]},"5":{"type":"branch","line":52,"loc":{"start":{"line":52,"column":4},"end":{"line":55,"column":32}},"locations":[{"start":{"line":52,"column":4},"end":{"line":55,"column":32}}]},"6":{"type":"branch","line":55,"loc":{"start":{"line":55,"column":32},"end":{"line":59,"column":5}},"locations":[{"start":{"line":55,"column":32},"end":{"line":59,"column":5}}]},"7":{"type":"branch","line":59,"loc":{"start":{"line":59,"column":4},"end":{"line":62,"column":47}},"locations":[{"start":{"line":59,"column":4},"end":{"line":62,"column":47}}]},"8":{"type":"branch","line":62,"loc":{"start":{"line":62,"column":47},"end":{"line":65,"column":5}},"locations":[{"start":{"line":62,"column":47},"end":{"line":65,"column":5}}]},"9":{"type":"branch","line":65,"loc":{"start":{"line":65,"column":4},"end":{"line":68,"column":17}},"locations":[{"start":{"line":65,"column":4},"end":{"line":68,"column":17}}]},"10":{"type":"branch","line":74,"loc":{"start":{"line":74,"column":10},"end":{"line":81,"column":3}},"locations":[{"start":{"line":74,"column":10},"end":{"line":81,"column":3}}]},"11":{"type":"branch","line":76,"loc":{"start":{"line":76,"column":59},"end":{"line":80,"column":5}},"locations":[{"start":{"line":76,"column":59},"end":{"line":80,"column":5}}]},"12":{"type":"branch","line":86,"loc":{"start":{"line":86,"column":2},"end":{"line":97,"column":3}},"locations":[{"start":{"line":86,"column":2},"end":{"line":97,"column":3}}]},"13":{"type":"branch","line":88,"loc":{"start":{"line":88,"column":16},"end":{"line":96,"column":6}},"locations":[{"start":{"line":88,"column":16},"end":{"line":96,"column":6}}]},"14":{"type":"branch","line":102,"loc":{"start":{"line":102,"column":2},"end":{"line":104,"column":3}},"locations":[{"start":{"line":102,"column":2},"end":{"line":104,"column":3}}]}},"b":{"0":[7],"1":[7],"2":[4],"3":[11],"4":[4],"5":[7],"6":[1],"7":[6],"8":[4],"9":[2],"10":[4],"11":[3],"12":[2],"13":[1],"14":[1]},"fnMap":{"0":{"name":"<instance_members_initializer>","decl":{"start":{"line":26,"column":25},"end":{"line":105,"column":1}},"loc":{"start":{"line":26,"column":25},"end":{"line":105,"column":1}},"line":26},"1":{"name":"RateLimiter","decl":{"start":{"line":30,"column":2},"end":{"line":35,"column":3}},"loc":{"start":{"line":30,"column":2},"end":{"line":35,"column":3}},"line":30},"2":{"name":"check","decl":{"start":{"line":41,"column":2},"end":{"line":69,"column":3}},"loc":{"start":{"line":41,"column":2},"end":{"line":69,"column":3}},"line":41},"3":{"name":"cleanup","decl":{"start":{"line":74,"column":10},"end":{"line":81,"column":3}},"loc":{"start":{"line":74,"column":10},"end":{"line":81,"column":3}},"line":74},"4":{"name":"getStatus","decl":{"start":{"line":86,"column":2},"end":{"line":97,"column":3}},"loc":{"start":{"line":86,"column":2},"end":{"line":97,"column":3}},"line":86},"5":{"name":"reset","decl":{"start":{"line":102,"column":2},"end":{"line":104,"column":3}},"loc":{"start":{"line":102,"column":2},"end":{"line":104,"column":3}},"line":102}},"f":{"0":7,"1":7,"2":11,"3":4,"4":2,"5":1}}
[...]
9}},"66":{"start":{"line":67,"column":0},"end":{"line":67,"column":11}},"67":{"start":{"line":68,"column":0},"end":{"line":68,"column":16}},"69":{"start":{"line":70,"column":0},"end":{"line":70,"column":28}},"70":{"start":{"line":71,"column":0},"end":{"line":71,"column":76}},"71":{"start":{"line":72,"column":0},"end":{"line":72,"column":29}},"72":{"start":{"line":73,"column":0},"end":{"line":73,"column":11}},"73":{"start":{"line":74,"column":0},"end":{"line":74,"column":16}},"76":{"start":{"line":77,"column":0},"end":{"line":77,"column":24}},"77":{"start":{"line":78,"column":0},"end":{"line":78,"column":79}},"78":{"start":{"line":79,"column":0},"end":{"line":79,"column":29}},"79":{"start":{"line":80,"column":0},"end":{"line":80,"column":41}},"80":{"start":{"line":81,"column":0},"end":{"line":81,"column":11}},"81":{"start":{"line":82,"column":0},"end":{"line":82,"column":16}},"83":{"start":{"line":84,"column":0},"end":{"line":84,"column":22}},"84":{"start":{"line":85,"column":0},"end":{"line":85,"column":74}},"85":{"start":{"line":86,"column":0},"end":{"line":86,"column":29}},"86":{"start":{"line":87,"column":0},"end":{"line":87,"column":41}},"87":{"start":{"line":88,"column":0},"end":{"line":88,"column":11}},"88":{"start":{"line":89,"column":0},"end":{"line":89,"column":16}},"90":{"start":{"line":91,"column":0},"end":{"line":91,"column":25}},"91":{"start":{"line":92,"column":0},"end":{"line":92,"column":80}},"92":{"start":{"line":93,"column":0},"end":{"line":93,"column":29}},"93":{"start":{"line":94,"column":0},"end":{"line":94,"column":11}},"94":{"start":{"line":95,"column":0},"end":{"line":95,"column":16}},"96":{"start":{"line":97,"column":0},"end":{"line":97,"column":22}},"97":{"start":{"line":98,"column":0},"end":{"line":98,"column":86}},"98":{"start":{"line":99,"column":0},"end":{"line":99,"column":29}},"99":{"start":{"line":100,"column":0},"end":{"line":100,"column":41}},"100":{"start":{"line":101,"column":0},"end":{"line":101,"column":11}},"101":{"start":{"line":102,"column":0},"end":{"line":102,"column":16}},"104":{"start":{"line":105,"column":0},"end":{"line":105,"column":32}},"105":{"start":{"line":106,"column":0},"end":{"line":106,"column":48}},"106":{"start":{"line":107,"column":0},"end":{"line":107,"column":18}},"107":{"start":{"line":108,"column":0},"end":{"line":108,"column":25}},"108":{"start":{"line":109,"column":0},"end":{"line":109,"column":26}},"109":{"start":{"line":110,"column":0},"end":{"line":110,"column":29}},"110":{"start":{"line":111,"column":0},"end":{"line":111,"column":12}},"111":{"start":{"line":112,"column":0},"end":{"line":112,"column":27}},"112":{"start":{"line":113,"column":0},"end":{"line":113,"column":39}},"113":{"start":{"line":114,"column":0},"end":{"line":114,"column":16}},"115":{"start":{"line":116,"column":0},"end":{"line":116,"column":31}},"116":{"start":{"line":117,"column":0},"end":{"line":117,"column":92}},"117":{"start":{"line":118,"column":0},"end":{"line":118,"column":29}},"118":{"start":{"line":119,"column":0},"end":{"line":119,"column":41}},"119":{"start":{"line":120,"column":0},"end":{"line":120,"column":11}},"120":{"start":{"line":121,"column":0},"end":{"line":121,"column":16}},"122":{"start":{"line":123,"column":0},"end":{"line":123,"column":35}},"123":{"start":{"line":124,"column":0},"end":{"line":124,"column":14}},"124":{"start":{"line":125,"column":0},"end":{"line":125,"column":97}},"125":{"start":{"line":126,"column":0},"end":{"line":126,"column":13}},"126":{"start":{"line":127,"column":0},"end":{"line":127,"column":29}},"127":{"start":{"line":128,"column":0},"end":{"line":128,"column":41}},"128":{"start":{"line":129,"column":0},"end":{"line":129,"column":11}},"129":{"start":{"line":130,"column":0},"end":{"line":130,"column":16}},"131":{"start":{"line":132,"column":0},"end":{"line":132,"column":26}},"132":{"start":{"line":133,"column":0},"end":{"line":133,"column":93}},"133":{"start":{"line":134,"column":0},"end":{"line":134,"column":29}},"134":{"start":{"line":135,"column":0},"end":{"line":135,"column":41}},"135":{"start":{"line":136,"column":0},"end":{"line":136,"column":11}},"136":{"start":{"line":137,"column":0},"end":{"line":137,"column":16}},"139":{"start":{"line":140,"column":0},"end":{"line":140,"column":30}},"140":{"start":{"line":141,"column":0},"end":{"line":141,"column":61}},"141":{"start":{"line":142,"column":0},"end":{"line":142,"column":27}},"142":{"start":{"line":143,"column":0},"end":{"line":143,"column":16}},"144":{"start":{"line":145,"column":0},"end":{"line":145,"column":25}},"145":{"start":{"line":146,"column":0},"end":{"line":146,"column":59}},"146":{"start":{"line":147,"column":0},"end":{"line":147,"column":27}},"147":{"start":{"line":148,"column":0},"end":{"line":148,"column":16}},"149":{"start":{"line":150,"column":0},"end":{"line":150,"column":21}},"150":{"start":{"line":151,"column":0},"end":{"line":151,"column":79}},"151":{"start":{"line":152,"column":0},"end":{"line":152,"column":27}},"152":{"start":{"line":153,"column":0},"end":{"line":153,"column":16}},"154":{"start":{"line":155,"column":0},"end":{"line":155,"column":20}},"155":{"start":{"line":156,"column":0},"end":{"line":156,"column":72}},"156":{"start":{"line":157,"column":0},"end":{"line":157,"column":27}},"157":{"start":{"line":158,"column":0},"end":{"line":158,"column":16}},"159":{"start":{"line":160,"column":0},"end":{"line":160,"column":28}},"160":{"start":{"line":161,"column":0},"end":{"line":161,"column":62}},"161":{"start":{"line":162,"column":0},"end":{"line":162,"column":29}},"162":{"start":{"line":163,"column":0},"end":{"line":163,"column":11}},"163":{"start":{"line":164,"column":0},"end":{"line":164,"column":16}},"165":{"start":{"line":166,"column":0},"end":{"line":166,"column":28}},"166":{"start":{"line":167,"column":0},"end":{"line":167,"column":62}},"167":{"start":{"line":168,"column":0},"end":{"line":168,"column":29}},"168":{"start":{"line":169,"column":0},"end":{"line":169,"column":11}},"169":{"start":{"line":170,"column":0},"end":{"line":170,"column":16}},"171":{"start":{"line":172,"column":0},"end":{"line":172,"column":30}},"172":{"start":{"line":173,"column":0},"end":{"line":173,"column":47}},"173":{"start":{"line":174,"column":0},"end":{"line":174,"column":27}},"174":{"start":{"line":175,"column":0},"end":{"line":175,"column":16}},"176":{"start":{"line":177,"column":0},"end":{"line":177,"column":30}},"177":{"start":{"line":178,"column":0},"end":{"line":178,"column":76}},"178":{"start":{"line":179,"column":0},"end":{"line":179,"column":29}},"179":{"start":{"line":180,"column":0},"end":{"line":180,"column":11}},"180":{"start":{"line":181,"column":0},"end":{"line":181,"column":16}},"182":{"start":{"line":183,"column":0},"end":{"line":183,"column":32}},"183":{"start":{"line":184,"column":0},"end":{"line":184,"column":60}},"184":{"start":{"line":185,"column":0},"end":{"line":185,"column":27}},"185":{"start":{"line":186,"column":0},"end":{"line":186,"column":16}},"187":{"start":{"line":188,"column":0},"end":{"line":188,"column":28}},"188":{"start":{"line":189,"column":0},"end":{"line":189,"column":98}},"189":{"start":{"line":190,"column":0},"end":{"line":190,"column":29}},"190":{"start":{"line":191,"column":0},"end":{"line":191,"column":11}},"191":{"start":{"line":192,"column":0},"end":{"line":192,"column":16}},"193":{"start":{"line":194,"column":0},"end":{"line":194,"column":30}},"194":{"start":{"line":195,"column":0},"end":{"line":195,"column":65}},"195":{"start":{"line":196,"column":0},"end":{"line":196,"column":29}},"196":{"start":{"line":197,"column":0},"end":{"line":197,"column":11}},"197":{"start":{"line":198,"column":0},"end":{"line":198,"column":16}},"200":{"start":{"line":201,"column":0},"end":{"line":201,"column":25}},"201":{"start":{"line":202,"column":0},"end":{"line":202,"column":56}},"202":{"start":{"line":203,"column":0},"end":{"line":203,"column":27}},"203":{"start":{"line":204,"column":0},"end":{"line":204,"column":16}},"205":{"start":{"line":206,"column":0},"end":{"line":206,"column":34}},"206":{"start":{"line":207,"column":0},"end":{"line":207,"column":47}},"207":{"start":{"line":208,"column":0},"end":{"line":208,"column":27}},"208":{"start":{"line":209,"column":0},"end":{"line":209,"column":16}},"211":{"start":{"line":212,"column":0},"end":{"line":212,"column":34}},"212":{"start":{"line":213,"column":0},"end":{"line":213,"column":67}},"213":{"start":{"line":214,"column":0},"end":{"line":214,"column":75}},"214":{"start":{"line":215,"column":0},"end":{"line":215,"column":27}},"215":{"start":{"line":216,"column":0},"end":{"line":216,"column":39}},"216":{"start":{"line":217,"column":0},"end":{"line":217,"column":16}},"217":{"start":{"line":218,"column":0},"end":{"line":218,"column":9}},"219":{"start":{"line":220,"column":0},"end":{"line":220,"column":27}},"220":{"start":{"line":221,"column":0},"end":{"line":221,"column":72}},"221":{"start":{"line":222,"column":0},"end":{"line":222,"column":23}},"222":{"start":{"line":223,"column":0},"end":{"line":223,"column":46}},"223":{"start":{"line":224,"column":0},"end":{"line":224,"column":11}},"224":{"start":{"line":225,"column":0},"end":{"line":225,"column":16}},"225":{"start":{"line":226,"column":0},"end":{"line":226,"column":9}},"227":{"start":{"line":228,"column":0},"end":{"line":228,"column":30}},"228":{"start":{"line":229,"column":0},"end":{"line":229,"column":58}},"229":{"start":{"line":230,"column":0},"end":{"line":230,"column":27}},"230":{"start":{"line":231,"column":0},"end":{"line":231,"column":39}},"231":{"start":{"line":232,"column":0},"end":{"line":232,"column":16}},"232":{"start":{"line":233,"column":0},"end":{"line":233,"column":9}},"234":{"start":{"line":235,"column":0},"end":{"line":235,"column":28}},"235":{"start":{"line":236,"column":0},"end":{"line":236,"column":89}},"236":{"start":{"line":237,"column":0},"end":{"line":237,"column":16}},"237":{"start":{"line":238,"column":0},"end":{"line":238,"column":9}},"239":{"start":{"line":240,"column":0},"end":{"line":240,"column":18}},"240":{"start":{"line":241,"column":0},"end":{"line":241,"column":78}},"241":{"start":{"line":242,"column":0},"end":{"line":242,"column":9}},"242":{"start":{"line":243,"column":0},"end":{"line":243,"column":7}},"243":{"start":{"line":244,"column":0},"end":{"line":244,"column":19}},"244":{"start":{"line":245,"column":0},"end":{"line":245,"column":51}},"245":{"start":{"line":246,"column":0},"end":{"line":246,"column":5}},"246":{"start":{"line":247,"column":0},"end":{"line":247,"column":3}},"251":{"start":{"line":252,"column":0},"end":{"line":252,"column":90}},"252":{"start":{"line":253,"column":0},"end":{"line":253,"column":49}},"253":{"start":{"line":254,"column":0},"end":{"line":254,"column":48}},"254":{"start":{"line":255,"column":0},"end":{"line":255,"column":80}},"255":{"start":{"line":256,"column":0},"end":{"line":256,"column":5}},"256":{"start":{"line":257,"column":0},"end":{"line":257,"column":3}},"261":{"start":{"line":262,"column":0},"end":{"line":262,"column":29}},"262":{"start":{"line":263,"column":0},"end":{"line":263,"column":49}},"263":{"start":{"line":264,"column":0},"end":{"line":264,"column":3}},"264":{"start":{"line":265,"column":0},"end":{"line":265,"column":1}}},"s":{"18":1,"19":3,"20":3,"21":3,"22":3,"23":3,"24":3,"25":3,"26":3,"28":3,"29":3,"30":3,"31":3,"32":3,"33":3,"34":3,"35":3,"36":3,"37":3,"38":3,"39":3,"40":3,"41":3,"42":3,"43":3,"44":3,"45":3,"46":3,"51":3,"52":1,"54":1,"55":1,"57":1,"58":0,"59":0,"60":0,"61":0,"63":1,"64":0,"65":0,"66":0,"67":0,"69":1,"70":0,"71":0,"72":0,"73":0,"76":1,"77":0,"78":0,"79":0,"80":0,"81":0,"83":1,"84":0,"85":0,"86":0,"87":0,"88":0,"90":1,"91":0,"92":0,"93":0,"94":0,"96":1,"97":0,"98":0,"99":0,"100":0,"101":0,"104":1,"105":0,"106":0,"107":0,"108":0,"109":0,"110":0,"111":0,"112":0,"113":0,"115":1,"116":0,"117":0,"118":0,"119":0,"120":0,"122":1,"123":0,"124":0,"125":0,"126":0,"127":0,"128":0,"129":0,"131":1,"132":0,"133":0,"134":0,"135":0,"136":0,"139":1,"140":0,"141":0,"142":0,"144":1,"145":0,"146":0,"147":0,"149":1,"150":0,"151":0,"152":0,"154":1,"155":0,"156":0,"157":0,"159":1,"160":0,"161":0,"162":0,"163":0,"165":1,"166":0,"167":0,"168":0,"169":0,"171":1,"172":0,"173":0,"174":0,"176":1,"177":0,"178":0,"179":0,"180":0,"182":1,"183":0,"184":0,"185":0,"187":1,"188":0,"189":0,"190":0,"191":0,"193":1,"194":0,"195":0,"196":0,"197":0,"200":1,"201":0,"202":0,"203":0,"205":1,"206":0,"207":0,"208":0,"211":1,"212":0,"213":0,"214":0,"215":0,"216":0,"217":0,"219":1,"220":1,"221":1,"222":1,"223":1,"224":1,"225":1,"227":1,"228":0,"229":0,"230":0,"231":0,"232":0,"234":1,"235":0,"236":0,"237":0,"239":1,"240":0,"241":0,"242":1,"243":1,"244":0,"245":0,"246":1,"251":3,"252":0,"253":0,"254":0,"255":0,"256":0,"261":3,"262":0,"263":0,"264":3},"branchMap":{"0":{"type":"branch","line":19,"loc":{"start":{"line":19,"column":27},"end":{"line":265,"column":1}},"locations":[{"start":{"line":19,"column":27},"end":{"line":265,"column":1}}]},"1":{"type":"branch","line":29,"loc":{"start":{"line":29,"column":2},"end":{"line":47,"column":3}},"locations":[{"start":{"line":29,"column":2},"end":{"line":47,"column":3}}]},"2":{"type":"branch","line":52,"loc":{"start":{"line":52,"column":2},"end":{"line":247,"column":3}},"locations":[{"start":{"line":52,"column":2},"end":{"line":247,"column":3}}]},"3":{"type":"branch","line":58,"loc":{"start":{"line":58,"column":8},"end":{"line":62,"column":16}},"locations":[{"start":{"line":58,"column":8},"end":{"line":62,"column":16}}]},"4":{"type":"branch","line":64,"loc":{"start":{"line":64,"column":8},"end":{"line":68,"column":16}},"locations":[{"start":{"line":64,"column":8},"end":{"line":68,"column":16}}]},"5":{"type":"branch","line":70,"loc":{"start":{"line":70,"column":8},"end":{"line":74,"column":16}},"locations":[{"start":{"line":70,"column":8},"end":{"line":74,"column":16}}]},"6":{"type":"branch","line":77,"loc":{"start":{"line":77,"column":8},"end":{"line":82,"column":16}},"locations":[{"start":{"line":77,"column":8},"end":{"line":82,"column":16}}]},"7":{"type":"branch","line":84,"loc":{"start":{"line":84,"column":8},"end":{"line":89,"column":16}},"locations":[{"start":{"line":84,"column":8},"end":{"line":89,"column":16}}]},"8":{"type":"branch","line":91,"loc":{"start":{"line":91,"column":8},"end":{"line":95,"column":16}},"locations":[{"start":{"line":91,"column":8},"end":{"line":95,"column":16}}]},"9":{"type":"branch","line":97,"loc":{"start":{"line":97,"column":8},"end":{"line":102,"column":16}},"locations":[{"start":{"line":97,"column":8},"end":{"line":102,"column":16}}]},"10":{"type":"branch","line":105,"loc":{"start":{"line":105,"column":8},"end":{"line":114,"column":16}},"locations":[{"start":{"line":105,"column":8},"end":{"line":114,"column":16}}]},"11":{"type":"branch","line":116,"loc":{"start":{"line":116,"column":8},"end":{"line":121,"column":16}},"locations":[{"start":{"line":116,"column":8},"end":{"line":121,"column":16}}]},"12":{"type":"branch","line":123,"loc":{"start":{"line":123,"column":8},"end":{"line":130,"column":16}},"locations":[{"start":{"line":123,"column":8},"end":{"line":130,"column":16}}]},"13":{"type":"branch","line":132,"loc":{"start":{"line":132,"column":8},"end":{"line":137,"column":16}},"locations":[{"start":{"line":132,"column":8},"end":{"line":137,"column":16}}]},"14":{"type":"branch","line":140,"loc":{"start":{"line":140,"column":8},"end":{"line":143,"column":16}},"locations":[{"start":{"line":140,"column":8},"end":{"line":143,"column":16}}]},"15":{"type":"branch","line":145,"loc":{"start":{"line":145,"column":8},"end":{"line":148,"column":16}},"locations":[{"start":{"line":145,"column":8},"end":{"line":148,"column":16}}]},"16":{"type":"branch","line":150,"loc":{"start":{"line":150,"column":8},"end":{"line":153,"column":16}},"locations":[{"start":{"line":150,"column":8},"end":{"line":153,"column":16}}]},"17":{"type":"branch","line":155,"loc":{"start":{"line":155,"column":8},"end":{"line":158,"column":16}},"locations":[{"start":{"line":155,"column":8},"end":{"line":158,"column":16}}]},"18":{"type":"branch","line":160,"loc":{"start":{"line":160,"column":8},"end":{"line":164,"column":16}},"locations":[{"start":{"line":160,"column":8},"end":{"line":164,"column":16}}]},"19":{"type":"branch","line":166,"loc":{"start":{"line":166,"column":8},"end":{"line":170,"column":16}},"locations":[{"start":{"line":166,"column":8},"end":{"line":170,"column":16}}]},"20":{"type":"branch","line":172,"loc":{"start":{"line":172,"column":8},"end":{"line":175,"column":16}},"locations":[{"start":{"line":172,"column":8},"end":{"line":175,"column":16}}]},"21":{"type":"branch","line":177,"loc":{"start":{"line":177,"column":8},"end":{"line":181,"column":16}},"locations":[{"start":{"line":177,"column":8},"end":{"line":181,"column":16}}]},"22":{"type":"branch","line":183,"loc":{"start":{"line":183,"column":8},"end":{"line":186,"column":16}},"locations":[{"start":{"line":183,"column":8},"end":{"line":186,"column":16}}]},"23":{"type":"branch","line":188,"loc":{"start":{"line":188,"column":8},"end":{"line":192,"column":16}},"locations":[{"start":{"line":188,"column":8},"end":{"line":192,"column":16}}]},"24":{"type":"branch","line":194,"loc":{"start":{"line":194,"column":8},"end":{"line":198,"column":16}},"locations":[{"start":{"line":194,"column":8},"end":{"line":198,"column":16}}]},"25":{"type":"branch","line":201,"loc":{"start":{"line":201,"column":8},"end":{"line":204,"column":16}},"locations":[{"start":{"line":201,"column":8},"end":{"line":204,"column":16}}]},"26":{"type":"branch","line":206,"loc":{"start":{"line":206,"column":8},"end":{"line":209,"column":16}},"locations":[{"start":{"line":206,"column":8},"end":{"line":209,"column":16}}]},"27":{"type":"branch","line":212,"loc":{"start":{"line":212,"column":8},"end":{"line":218,"column":9}},"locations":[{"start":{"line":212,"column":8},"end":{"line":218,"column":9}}]},"28":{"type":"branch","line":228,"loc":{"start":{"line":228,"column":8},"end":{"line":233,"column":9}},"locations":[{"start":{"line":228,"column":8},"end":{"line":233,"column":9}}]},"29":{"type":"branch","line":235,"loc":{"start":{"line":235,"column":8},"end":{"line":238,"column":9}},"locations":[{"start":{"line":235,"column":8},"end":{"line":238,"column":9}}]},"30":{"type":"branch","line":240,"loc":{"start":{"line":240,"column":8},"end":{"line":242,"column":9}},"locations":[{"start":{"line":240,"column":8},"end":{"line":242,"column":9}}]},"31":{"type":"branch","line":244,"loc":{"start":{"line":244,"column":4},"end":{"line":246,"column":5}},"locations":[{"start":{"line":244,"column":4},"end":{"line":246,"column":5}}]},"32":{"type":"branch","line":221,"loc":{"start":{"line":221,"column":44},"end":{"line":221,"column":70}},"locations":[{"start":{"line":221,"column":44},"end":{"line":221,"column":70}}]}},"b":{"0":[3],"1":[3],"2":[1],"3":[0],"4":[0],"5":[0],"6":[0],"7":[0],"8":[0],"9":[0],"10":[0],"11":[0],"12":[0],"13":[0],"14":[0],"15":[0],"16":[0],"17":[0],"18":[0],"19":[0],"20":[0],"21":[0],"22":[0],"23":[0],"24":[0],"25":[0],"26":[0],"27":[0],"28":[0],"29":[0],"30":[0],"31":[0],"32":[1]},"fnMap":{"0":{"name":"<instance_members_initializer>","decl":{"start":{"line":19,"column":27},"end":{"line":265,"column":1}},"loc":{"start":{"line":19,"column":27},"end":{"line":265,"column":1}},"line":19},"1":{"name":"MessageRouter","decl":{"start":{"line":29,"column":2},"end":{"line":47,"column":3}},"loc":{"start":{"line":29,"column":2},"end":{"line":47,"column":3}},"line":29},"2":{"name":"route","decl":{"start":{"line":52,"column":2},"end":{"line":247,"column":3}},"loc":{"start":{"line":52,"column":2},"end":{"line":247,"column":3}},"line":52},"3":{"name":"forwardRtcSignal","decl":{"start":{"line":252,"column":10},"end":{"line":257,"column":3}},"loc":{"start":{"line":252,"column":10},"end":{"line":257,"column":3}},"line":252},"4":{"name":"broadcast","decl":{"start":{"line":262,"column":10},"end":{"line":264,"column":3}},"loc":{"start":{"line":262,"column":10},"end":{"line":264,"column":3}},"line":262}},"f":{"0":3,"1":3,"2":1,"3":0,"4":0}}
}
