{"/home/loshunter/HeroByte/packages/shared/src/index.ts": {"path":"/home/loshunter/HeroByte/packages/shared/src/index.ts","all":true,"statementMap":{"0":{"start":{"line":1,"column":0},"end":{"line":1,"column":79}}},"s":{"0":0},"branchMap":{"0":{"type":"branch","line":1,"loc":{"start":{"line":1,"column":7207},"end":{"line":178,"column":90}},"locations":[{"start":{"line":1,"column":7207},"end":{"line":178,"column":90}}]}},"b":{"0":[0]},"fnMap":{"0":{"name":"(empty-report)","decl":{"start":{"line":1,"column":7207},"end":{"line":178,"column":90}},"loc":{"start":{"line":1,"column":7207},"end":{"line":178,"column":90}},"line":1}},"f":{"0":0}}
,"/home/loshunter/HeroByte/packages/shared/src/models.ts": {"path":"/home/loshunter/HeroByte/packages/shared/src/models.ts","all":false,"statementMap":{"12":{"start":{"line":13,"column":0},"end":{"line":13,"column":25}},"13":{"start":{"line":14,"column":0},"end":{"line":14,"column":14}},"14":{"start":{"line":15,"column":0},"end":{"line":15,"column":22}},"15":{"start":{"line":16,"column":0},"end":{"line":16,"column":25}},"16":{"start":{"line":17,"column":0},"end":{"line":17,"column":21}},"17":{"start":{"line":18,"column":0},"end":{"line":18,"column":21}},"18":{"start":{"line":19,"column":0},"end":{"line":19,"column":25}},"19":{"start":{"line":20,"column":0},"end":{"line":20,"column":6}},"24":{"start":{"line":25,"column":0},"end":{"line":25,"column":45}},"25":{"start":{"line":26,"column":0},"end":{"line":26,"column":75}},"26":{"start":{"line":27,"column":0},"end":{"line":27,"column":3}},"31":{"start":{"line":32,"column":0},"end":{"line":32,"column":20}},"32":{"start":{"line":33,"column":0},"end":{"line":33,"column":12}},"33":{"start":{"line":34,"column":0},"end":{"line":34,"column":18}},"34":{"start":{"line":35,"column":0},"end":{"line":35,"column":24}},"35":{"start":{"line":36,"column":0},"end":{"line":36,"column":16}},"36":{"start":{"line":37,"column":0},"end":{"line":37,"column":16}},"37":{"start":{"line":38,"column":0},"end":{"line":38,"column":24}},"38":{"start":{"line":39,"column":0},"end":{"line":39,"column":6}},"39":{"start":{"line":40,"column":0},"end":{"line":40,"column":3}},"44":{"start":{"line":45,"column":0},"end":{"line":45,"column":44}},"45":{"start":{"line":46,"column":0},"end":{"line":46,"column":65}},"46":{"start":{"line":47,"column":0},"end":{"line":47,"column":3}},"51":{"start":{"line":52,"column":0},"end":{"line":52,"column":41}},"52":{"start":{"line":53,"column":0},"end":{"line":53,"column":73}},"53":{"start":{"line":54,"column":0},"end":{"line":54,"column":3}},"58":{"start":{"line":59,"column":0},"end":{"line":59,"column":44}},"59":{"start":{"line":60,"column":0},"end":{"line":60,"column":62}},"60":{"start":{"line":61,"column":0},"end":{"line":61,"column":62}},"61":{"start":{"line":62,"column":0},"end":{"line":62,"column":79}},"62":{"start":{"line":63,"column":0},"end":{"line":63,"column":3}},"67":{"start":{"line":68,"column":0},"end":{"line":68,"column":41}},"68":{"start":{"line":69,"column":0},"end":{"line":69,"column":84}},"69":{"start":{"line":70,"column":0},"end":{"line":70,"column":3}},"74":{"start":{"line":75,"column":0},"end":{"line":75,"column":35}},"75":{"start":{"line":76,"column":0},"end":{"line":76,"column":30}},"76":{"start":{"line":77,"column":0},"end":{"line":77,"column":3}},"81":{"start":{"line":82,"column":0},"end":{"line":82,"column":32}},"82":{"start":{"line":83,"column":0},"end":{"line":83,"column":48}},"83":{"start":{"line":84,"column":0},"end":{"line":84,"column":35}},"84":{"start":{"line":85,"column":0},"end":{"line":85,"column":3}},"85":{"start":{"line":86,"column":0},"end":{"line":86,"column":1}},"91":{"start":{"line":92,"column":0},"end":{"line":92,"column":26}},"92":{"start":{"line":93,"column":0},"end":{"line":93,"column":14}},"93":{"start":{"line":94,"column":0},"end":{"line":94,"column":23}},"94":{"start":{"line":95,"column":0},"end":{"line":95,"column":24}},"95":{"start":{"line":96,"column":0},"end":{"line":96,"column":29}},"96":{"start":{"line":97,"column":0},"end":{"line":97,"column":29}},"97":{"start":{"line":98,"column":0},"end":{"line":98,"column":23}},"98":{"start":{"line":99,"column":0},"end":{"line":99,"column":26}},"99":{"start":{"line":100,"column":0},"end":{"line":100,"column":6}},"104":{"start":{"line":105,"column":0},"end":{"line":105,"column":47}},"105":{"start":{"line":106,"column":0},"end":{"line":106,"column":99}},"106":{"start":{"line":107,"column":0},"end":{"line":107,"column":3}},"111":{"start":{"line":112,"column":0},"end":{"line":112,"column":21}},"112":{"start":{"line":113,"column":0},"end":{"line":113,"column":12}},"113":{"start":{"line":114,"column":0},"end":{"line":114,"column":20}},"114":{"start":{"line":115,"column":0},"end":{"line":115,"column":22}},"115":{"start":{"line":116,"column":0},"end":{"line":116,"column":30}},"116":{"start":{"line":117,"column":0},"end":{"line":117,"column":30}},"117":{"start":{"line":118,"column":0},"end":{"line":118,"column":18}},"118":{"start":{"line":119,"column":0},"end":{"line":119,"column":24}},"119":{"start":{"line":120,"column":0},"end":{"line":120,"column":6}},"120":{"start":{"line":121,"column":0},"end":{"line":121,"column":3}},"125":{"start":{"line":126,"column":0},"end":{"line":126,"column":40}},"126":{"start":{"line":127,"column":0},"end":{"line":127,"column":97}},"127":{"start":{"line":128,"column":0},"end":{"line":128,"column":3}},"132":{"start":{"line":133,"column":0},"end":{"line":133,"column":50}},"133":{"start":{"line":134,"column":0},"end":{"line":134,"column":98}},"134":{"start":{"line":135,"column":0},"end":{"line":135,"column":3}},"139":{"start":{"line":140,"column":0},"end":{"line":140,"column":43}},"140":{"start":{"line":141,"column":0},"end":{"line":141,"column":27}},"141":{"start":{"line":142,"column":0},"end":{"line":142,"column":15}},"142":{"start":{"line":143,"column":0},"end":{"line":143,"column":16}},"143":{"start":{"line":144,"column":0},"end":{"line":144,"column":20}},"144":{"start":{"line":145,"column":0},"end":{"line":145,"column":54}},"145":{"start":{"line":146,"column":0},"end":{"line":146,"column":14}},"146":{"start":{"line":147,"column":0},"end":{"line":147,"column":17}},"147":{"start":{"line":148,"column":0},"end":{"line":148,"column":6}},"148":{"start":{"line":149,"column":0},"end":{"line":149,"column":3}},"153":{"start":{"line":154,"column":0},"end":{"line":154,"column":50}},"154":{"start":{"line":155,"column":0},"end":{"line":155,"column":27}},"155":{"start":{"line":156,"column":0},"end":{"line":156,"column":15}},"156":{"start":{"line":157,"column":0},"end":{"line":157,"column":16}},"157":{"start":{"line":158,"column":0},"end":{"line":158,"column":20}},"158":{"start":{"line":159,"column":0},"end":{"line":159,"column":20}},"159":{"start":{"line":160,"column":0},"end":{"line":160,"column":9}},"160":{"start":{"line":161,"column":0},"end":{"line":161,"column":26}},"161":{"start":{"line":162,"column":0},"end":{"line":162,"column":6}},"162":{"start":{"line":163,"column":0},"end":{"line":163,"column":3}},"167":{"start":{"line":168,"column":0},"end":{"line":168,"column":43}},"168":{"start":{"line":169,"column":0},"end":{"line":169,"column":55}},"169":{"start":{"line":170,"column":0},"end":{"line":170,"column":97}},"170":{"start":{"line":171,"column":0},"end":{"line":171,"column":3}},"175":{"start":{"line":176,"column":0},"end":{"line":176,"column":37}},"176":{"start":{"line":177,"column":0},"end":{"line":177,"column":76}},"177":{"start":{"line":178,"column":0},"end":{"line":178,"column":97}},"178":{"start":{"line":179,"column":0},"end":{"line":179,"column":3}},"183":{"start":{"line":184,"column":0},"end":{"line":184,"column":22}},"184":{"start":{"line":185,"column":0},"end":{"line":185,"column":48}},"185":{"start":{"line":186,"column":0},"end":{"line":186,"column":3}},"190":{"start":{"line":191,"column":0},"end":{"line":191,"column":26}},"191":{"start":{"line":192,"column":0},"end":{"line":192,"column":68}},"192":{"start":{"line":193,"column":0},"end":{"line":193,"column":32}},"193":{"start":{"line":194,"column":0},"end":{"line":194,"column":3}},"198":{"start":{"line":199,"column":0},"end":{"line":199,"column":48}},"199":{"start":{"line":200,"column":0},"end":{"line":200,"column":44}},"200":{"start":{"line":201,"column":0},"end":{"line":201,"column":3}},"201":{"start":{"line":202,"column":0},"end":{"line":202,"column":1}},"207":{"start":{"line":208,"column":0},"end":{"line":208,"column":29}},"208":{"start":{"line":209,"column":0},"end":{"line":209,"column":14}},"209":{"start":{"line":210,"column":0},"end":{"line":210,"column":22}},"210":{"start":{"line":211,"column":0},"end":{"line":211,"column":24}},"211":{"start":{"line":212,"column":0},"end":{"line":212,"column":22}},"212":{"start":{"line":213,"column":0},"end":{"line":213,"column":25}},"213":{"start":{"line":214,"column":0},"end":{"line":214,"column":29}},"214":{"start":{"line":215,"column":0},"end":{"line":215,"column":29}},"215":{"start":{"line":216,"column":0},"end":{"line":216,"column":41}},"216":{"start":{"line":217,"column":0},"end":{"line":217,"column":50}},"217":{"start":{"line":218,"column":0},"end":{"line":218,"column":6}},"222":{"start":{"line":223,"column":0},"end":{"line":223,"column":53}},"223":{"start":{"line":224,"column":0},"end":{"line":224,"column":30}},"224":{"start":{"line":225,"column":0},"end":{"line":225,"column":14}},"225":{"start":{"line":226,"column":0},"end":{"line":226,"column":16}},"226":{"start":{"line":227,"column":0},"end":{"line":227,"column":14}},"227":{"start":{"line":228,"column":0},"end":{"line":228,"column":17}},"228":{"start":{"line":229,"column":0},"end":{"line":229,"column":34}},"229":{"start":{"line":230,"column":0},"end":{"line":230,"column":20}},"230":{"start":{"line":231,"column":0},"end":{"line":231,"column":27}},"231":{"start":{"line":232,"column":0},"end":{"line":232,"column":36}},"232":{"start":{"line":233,"column":0},"end":{"line":233,"column":6}},"233":{"start":{"line":234,"column":0},"end":{"line":234,"column":3}},"238":{"start":{"line":239,"column":0},"end":{"line":239,"column":24}},"239":{"start":{"line":240,"column":0},"end":{"line":240,"column":12}},"240":{"start":{"line":241,"column":0},"end":{"line":241,"column":18}},"241":{"start":{"line":242,"column":0},"end":{"line":242,"column":22}},"242":{"start":{"line":243,"column":0},"end":{"line":243,"column":18}},"243":{"start":{"line":244,"column":0},"end":{"line":244,"column":24}},"244":{"start":{"line":245,"column":0},"end":{"line":245,"column":22}},"245":{"start":{"line":246,"column":0},"end":{"line":246,"column":30}},"246":{"start":{"line":247,"column":0},"end":{"line":247,"column":41}},"247":{"start":{"line":248,"column":0},"end":{"line":248,"column":59}},"248":{"start":{"line":249,"column":0},"end":{"line":249,"column":6}},"249":{"start":{"line":250,"column":0},"end":{"line":250,"column":3}},"254":{"start":{"line":255,"column":0},"end":{"line":255,"column":65}},"255":{"start":{"line":256,"column":0},"end":{"line":256,"column":47}},"256":{"start":{"line":257,"column":0},"end":{"line":257,"column":68}},"258":{"start":{"line":259,"column":0},"end":{"line":259,"column":30}},"259":{"start":{"line":260,"column":0},"end":{"line":260,"column":14}},"260":{"start":{"line":261,"column":0},"end":{"line":261,"column":16}},"261":{"start":{"line":262,"column":0},"end":{"line":262,"column":19}},"262":{"start":{"line":263,"column":0},"end":{"line":263,"column":22}},"263":{"start":{"line":264,"column":0},"end":{"line":264,"column":16}},"264":{"start":{"line":265,"column":0},"end":{"line":265,"column":20}},"265":{"start":{"line":266,"column":0},"end":{"line":266,"column":19}},"266":{"start":{"line":267,"column":0},"end":{"line":267,"column":28}},"267":{"start":{"line":268,"column":0},"end":{"line":268,"column":6}},"268":{"start":{"line":269,"column":0},"end":{"line":269,"column":3}},"273":{"start":{"line":274,"column":0},"end":{"line":274,"column":46}},"274":{"start":{"line":275,"column":0},"end":{"line":275,"column":40}},"275":{"start":{"line":276,"column":0},"end":{"line":276,"column":3}},"280":{"start":{"line":281,"column":0},"end":{"line":281,"column":40}},"281":{"start":{"line":282,"column":0},"end":{"line":282,"column":40}},"282":{"start":{"line":283,"column":0},"end":{"line":283,"column":3}},"287":{"start":{"line":288,"column":0},"end":{"line":288,"column":53}},"288":{"start":{"line":289,"column":0},"end":{"line":289,"column":30}},"289":{"start":{"line":290,"column":0},"end":{"line":290,"column":14}},"290":{"start":{"line":291,"column":0},"end":{"line":291,"column":16}},"291":{"start":{"line":292,"column":0},"end":{"line":292,"column":14}},"292":{"start":{"line":293,"column":0},"end":{"line":293,"column":17}},"293":{"start":{"line":294,"column":0},"end":{"line":294,"column":16}},"294":{"start":{"line":295,"column":0},"end":{"line":295,"column":20}},"295":{"start":{"line":296,"column":0},"end":{"line":296,"column":14}},"296":{"start":{"line":297,"column":0},"end":{"line":297,"column":28}},"297":{"start":{"line":298,"column":0},"end":{"line":298,"column":6}},"298":{"start":{"line":299,"column":0},"end":{"line":299,"column":3}},"303":{"start":{"line":304,"column":0},"end":{"line":304,"column":51}},"304":{"start":{"line":305,"column":0},"end":{"line":305,"column":30}},"305":{"start":{"line":306,"column":0},"end":{"line":306,"column":14}},"306":{"start":{"line":307,"column":0},"end":{"line":307,"column":16}},"307":{"start":{"line":308,"column":0},"end":{"line":308,"column":14}},"308":{"start":{"line":309,"column":0},"end":{"line":309,"column":17}},"309":{"start":{"line":310,"column":0},"end":{"line":310,"column":16}},"310":{"start":{"line":311,"column":0},"end":{"line":311,"column":20}},"311":{"start":{"line":312,"column":0},"end":{"line":312,"column":19}},"312":{"start":{"line":313,"column":0},"end":{"line":313,"column":16}},"313":{"start":{"line":314,"column":0},"end":{"line":314,"column":6}},"314":{"start":{"line":315,"column":0},"end":{"line":315,"column":3}},"319":{"start":{"line":320,"column":0},"end":{"line":320,"column":21}},"320":{"start":{"line":321,"column":0},"end":{"line":321,"column":24}},"321":{"start":{"line":322,"column":0},"end":{"line":322,"column":3}},"326":{"start":{"line":327,"column":0},"end":{"line":327,"column":26}},"327":{"start":{"line":328,"column":0},"end":{"line":328,"column":35}},"328":{"start":{"line":329,"column":0},"end":{"line":329,"column":32}},"329":{"start":{"line":330,"column":0},"end":{"line":330,"column":3}},"330":{"start":{"line":331,"column":0},"end":{"line":331,"column":1}}},"s":{"12":1,"13":1,"14":7,"15":7,"16":7,"17":7,"18":7,"19":7,"24":1,"25":1,"26":1,"31":1,"32":1,"33":1,"34":1,"35":1,"36":1,"37":1,"38":1,"39":1,"44":1,"45":1,"46":1,"51":1,"52":1,"53":1,"58":1,"59":1,"60":1,"61":1,"62":1,"67":1,"68":1,"69":1,"74":1,"75":2,"76":2,"81":1,"82":1,"83":1,"84":1,"85":1,"91":1,"92":1,"93":14,"94":14,"95":14,"96":14,"97":14,"98":14,"99":14,"104":1,"105":1,"106":1,"111":1,"112":1,"113":1,"114":1,"115":1,"116":1,"117":1,"118":1,"119":1,"120":1,"125":1,"126":1,"127":1,"132":1,"133":1,"134":1,"139":1,"140":3,"141":3,"142":3,"143":3,"144":3,"145":3,"146":3,"147":3,"148":3,"153":1,"154":1,"155":1,"156":1,"157":1,"158":1,"159":1,"160":1,"161":1,"162":1,"167":1,"168":3,"169":3,"170":3,"175":1,"176":1,"177":1,"178":1,"183":1,"184":3,"185":3,"190":1,"191":2,"192":1,"193":2,"198":1,"199":2,"200":2,"201":1,"207":1,"208":1,"209":10,"210":10,"211":10,"212":10,"213":10,"214":10,"215":10,"216":10,"217":10,"222":1,"223":1,"224":1,"225":1,"226":1,"227":1,"228":1,"229":1,"230":1,"231":1,"232":1,"233":1,"238":1,"239":1,"240":1,"241":1,"242":1,"243":1,"244":1,"245":1,"246":1,"247":1,"248":1,"249":1,"254":1,"255":6,"256":6,"258":6,"259":6,"260":6,"261":6,"262":6,"263":6,"264":6,"265":6,"266":6,"267":6,"268":6,"273":1,"274":2,"275":2,"280":1,"281":1,"282":1,"287":1,"288":1,"289":1,"290":1,"291":1,"292":1,"293":1,"294":1,"295":1,"296":1,"297":1,"298":1,"303":1,"304":1,"305":1,"306":1,"307":1,"308":1,"309":1,"310":1,"311":1,"312":1,"313":1,"314":1,"319":1,"320":2,"321":2,"326":1,"327":2,"328":2,"329":2,"330":1},"branchMap":{"0":{"type":"branch","line":14,"loc":{"start":{"line":14,"column":2},"end":{"line":20,"column":6}},"locations":[{"start":{"line":14,"column":2},"end":{"line":20,"column":6}}]},"1":{"type":"branch","line":25,"loc":{"start":{"line":25,"column":9},"end":{"line":27,"column":3}},"locations":[{"start":{"line":25,"column":9},"end":{"line":27,"column":3}}]},"2":{"type":"branch","line":32,"loc":{"start":{"line":32,"column":2},"end":{"line":40,"column":3}},"locations":[{"start":{"line":32,"column":2},"end":{"line":40,"column":3}}]},"3":{"type":"branch","line":45,"loc":{"start":{"line":45,"column":2},"end":{"line":47,"column":3}},"locations":[{"start":{"line":45,"column":2},"end":{"line":47,"column":3}}]},"4":{"type":"branch","line":52,"loc":{"start":{"line":52,"column":2},"end":{"line":54,"column":3}},"locations":[{"start":{"line":52,"column":2},"end":{"line":54,"column":3}}]},"5":{"type":"branch","line":59,"loc":{"start":{"line":59,"column":2},"end":{"line":63,"column":3}},"locations":[{"start":{"line":59,"column":2},"end":{"line":63,"column":3}}]},"6":{"type":"branch","line":68,"loc":{"start":{"line":68,"column":2},"end":{"line":70,"column":3}},"locations":[{"start":{"line":68,"column":2},"end":{"line":70,"column":3}}]},"7":{"type":"branch","line":75,"loc":{"start":{"line":75,"column":2},"end":{"line":77,"column":3}},"locations":[{"start":{"line":75,"column":2},"end":{"line":77,"column":3}}]},"8":{"type":"branch","line":82,"loc":{"start":{"line":82,"column":9},"end":{"line":85,"column":3}},"locations":[{"start":{"line":82,"column":9},"end":{"line":85,"column":3}}]},"9":{"type":"branch","line":93,"loc":{"start":{"line":93,"column":2},"end":{"line":100,"column":6}},"locations":[{"start":{"line":93,"column":2},"end":{"line":100,"column":6}}]},"10":{"type":"branch","line":105,"loc":{"start":{"line":105,"column":9},"end":{"line":107,"column":3}},"locations":[{"start":{"line":105,"column":9},"end":{"line":107,"column":3}}]},"11":{"type":"branch","line":112,"loc":{"start":{"line":112,"column":2},"end":{"line":121,"column":3}},"locations":[{"start":{"line":112,"column":2},"end":{"line":121,"column":3}}]},"12":{"type":"branch","line":126,"loc":{"start":{"line":126,"column":2},"end":{"line":128,"column":3}},"locations":[{"start":{"line":126,"column":2},"end":{"line":128,"column":3}}]},"13":{"type":"branch","line":133,"loc":{"start":{"line":133,"column":2},"end":{"line":135,"column":3}},"locations":[{"start":{"line":133,"column":2},"end":{"line":135,"column":3}}]},"14":{"type":"branch","line":140,"loc":{"start":{"line":140,"column":2},"end":{"line":149,"column":3}},"locations":[{"start":{"line":140,"column":2},"end":{"line":149,"column":3}}]},"15":{"type":"branch","line":154,"loc":{"start":{"line":154,"column":2},"end":{"line":163,"column":3}},"locations":[{"start":{"line":154,"column":2},"end":{"line":163,"column":3}}]},"16":{"type":"branch","line":161,"loc":{"start":{"line":161,"column":6},"end":{"line":161,"column":26}},"locations":[{"start":{"line":161,"column":6},"end":{"line":161,"column":26}}]},"17":{"type":"branch","line":168,"loc":{"start":{"line":168,"column":2},"end":{"line":171,"column":3}},"locations":[{"start":{"line":168,"column":2},"end":{"line":171,"column":3}}]},"18":{"type":"branch","line":169,"loc":{"start":{"line":169,"column":36},"end":{"line":169,"column":47}},"locations":[{"start":{"line":169,"column":36},"end":{"line":169,"column":47}}]},"19":{"type":"branch","line":176,"loc":{"start":{"line":176,"column":2},"end":{"line":179,"column":3}},"locations":[{"start":{"line":176,"column":2},"end":{"line":179,"column":3}}]},"20":{"type":"branch","line":177,"loc":{"start":{"line":177,"column":32},"end":{"line":177,"column":52}},"locations":[{"start":{"line":177,"column":32},"end":{"line":177,"column":52}}]},"21":{"type":"branch","line":177,"loc":{"start":{"line":177,"column":57},"end":{"line":177,"column":68}},"locations":[{"start":{"line":177,"column":57},"end":{"line":177,"column":68}}]},"22":{"type":"branch","line":184,"loc":{"start":{"line":184,"column":2},"end":{"line":186,"column":3}},"locations":[{"start":{"line":184,"column":2},"end":{"line":186,"column":3}}]},"23":{"type":"branch","line":185,"loc":{"start":{"line":185,"column":23},"end":{"line":185,"column":48}},"locations":[{"start":{"line":185,"column":23},"end":{"line":185,"column":48}}]},"24":{"type":"branch","line":191,"loc":{"start":{"line":191,"column":2},"end":{"line":194,"column":3}},"locations":[{"start":{"line":191,"column":2},"end":{"line":194,"column":3}}]},"25":{"type":"branch","line":192,"loc":{"start":{"line":192,"column":20},"end":{"line":192,"column":59}},"locations":[{"start":{"line":192,"column":20},"end":{"line":192,"column":59}}]},"26":{"type":"branch","line":192,"loc":{"start":{"line":192,"column":59},"end":{"line":193,"column":32}},"locations":[{"start":{"line":192,"column":59},"end":{"line":193,"column":32}}]},"27":{"type":"branch","line":199,"loc":{"start":{"line":199,"column":2},"end":{"line":201,"column":3}},"locations":[{"start":{"line":199,"column":2},"end":{"line":201,"column":3}}]},"28":{"type":"branch","line":200,"loc":{"start":{"line":200,"column":17},"end":{"line":200,"column":34}},"locations":[{"start":{"line":200,"column":17},"end":{"line":200,"column":34}}]},"29":{"type":"branch","line":209,"loc":{"start":{"line":209,"column":2},"end":{"line":218,"column":6}},"locations":[{"start":{"line":209,"column":2},"end":{"line":218,"column":6}}]},"30":{"type":"branch","line":223,"loc":{"start":{"line":223,"column":9},"end":{"line":234,"column":3}},"locations":[{"start":{"line":223,"column":9},"end":{"line":234,"column":3}}]},"31":{"type":"branch","line":229,"loc":{"start":{"line":229,"column":12},"end":{"line":229,"column":34}},"locations":[{"start":{"line":229,"column":12},"end":{"line":229,"column":34}}]},"32":{"type":"branch","line":231,"loc":{"start":{"line":231,"column":11},"end":{"line":231,"column":27}},"locations":[{"start":{"line":231,"column":11},"end":{"line":231,"column":27}}]},"33":{"type":"branch","line":232,"loc":{"start":{"line":232,"column":11},"end":{"line":232,"column":36}},"locations":[{"start":{"line":232,"column":11},"end":{"line":232,"column":36}}]},"34":{"type":"branch","line":239,"loc":{"start":{"line":239,"column":2},"end":{"line":250,"column":3}},"locations":[{"start":{"line":239,"column":2},"end":{"line":250,"column":3}}]},"35":{"type":"branch","line":255,"loc":{"start":{"line":255,"column":2},"end":{"line":269,"column":3}},"locations":[{"start":{"line":255,"column":2},"end":{"line":269,"column":3}}]},"36":{"type":"branch","line":274,"loc":{"start":{"line":274,"column":2},"end":{"line":276,"column":3}},"locations":[{"start":{"line":274,"column":2},"end":{"line":276,"column":3}}]},"37":{"type":"branch","line":281,"loc":{"start":{"line":281,"column":2},"end":{"line":283,"column":3}},"locations":[{"start":{"line":281,"column":2},"end":{"line":283,"column":3}}]},"38":{"type":"branch","line":288,"loc":{"start":{"line":288,"column":2},"end":{"line":299,"column":3}},"locations":[{"start":{"line":288,"column":2},"end":{"line":299,"column":3}}]},"39":{"type":"branch","line":304,"loc":{"start":{"line":304,"column":2},"end":{"line":315,"column":3}},"locations":[{"start":{"line":304,"column":2},"end":{"line":315,"column":3}}]},"40":{"type":"branch","line":320,"loc":{"start":{"line":320,"column":2},"end":{"line":322,"column":3}},"locations":[{"start":{"line":320,"column":2},"end":{"line":322,"column":3}}]},"41":{"type":"branch","line":327,"loc":{"start":{"line":327,"column":2},"end":{"line":330,"column":3}},"locations":[{"start":{"line":327,"column":2},"end":{"line":330,"column":3}}]},"42":{"type":"branch","line":328,"loc":{"start":{"line":328,"column":26},"end":{"line":328,"column":35}},"locations":[{"start":{"line":328,"column":26},"end":{"line":328,"column":35}}]}},"b":{"0":[7],"1":[1],"2":[1],"3":[1],"4":[1],"5":[1],"6":[1],"7":[2],"8":[1],"9":[14],"10":[1],"11":[1],"12":[1],"13":[1],"14":[3],"15":[1],"16":[0],"17":[3],"18":[0],"19":[1],"20":[0],"21":[0],"22":[3],"23":[2],"24":[2],"25":[1],"26":[1],"27":[2],"28":[0],"29":[10],"30":[1],"31":[0],"32":[0],"33":[0],"34":[1],"35":[6],"36":[2],"37":[1],"38":[1],"39":[1],"40":[2],"41":[2],"42":[0]},"fnMap":{"0":{"name":"TokenModel","decl":{"start":{"line":14,"column":2},"end":{"line":20,"column":6}},"loc":{"start":{"line":14,"column":2},"end":{"line":20,"column":6}},"line":14},"1":{"name":"fromJSON","decl":{"start":{"line":25,"column":9},"end":{"line":27,"column":3}},"loc":{"start":{"line":25,"column":9},"end":{"line":27,"column":3}},"line":25},"2":{"name":"toJSON","decl":{"start":{"line":32,"column":2},"end":{"line":40,"column":3}},"loc":{"start":{"line":32,"column":2},"end":{"line":40,"column":3}},"line":32},"3":{"name":"moveTo","decl":{"start":{"line":45,"column":2},"end":{"line":47,"column":3}},"loc":{"start":{"line":45,"column":2},"end":{"line":47,"column":3}},"line":45},"4":{"name":"recolor","decl":{"start":{"line":52,"column":2},"end":{"line":54,"column":3}},"loc":{"start":{"line":52,"column":2},"end":{"line":54,"column":3}},"line":52},"5":{"name":"snapToGrid","decl":{"start":{"line":59,"column":2},"end":{"line":63,"column":3}},"loc":{"start":{"line":59,"column":2},"end":{"line":63,"column":3}},"line":59},"6":{"name":"distanceTo","decl":{"start":{"line":68,"column":2},"end":{"line":70,"column":3}},"loc":{"start":{"line":68,"column":2},"end":{"line":70,"column":3}},"line":68},"7":{"name":"isOwnedBy","decl":{"start":{"line":75,"column":2},"end":{"line":77,"column":3}},"loc":{"start":{"line":75,"column":2},"end":{"line":77,"column":3}},"line":75},"8":{"name":"randomColor","decl":{"start":{"line":82,"column":9},"end":{"line":85,"column":3}},"loc":{"start":{"line":82,"column":9},"end":{"line":85,"column":3}},"line":82},"9":{"name":"PlayerModel","decl":{"start":{"line":93,"column":2},"end":{"line":100,"column":6}},"loc":{"start":{"line":93,"column":2},"end":{"line":100,"column":6}},"line":93},"10":{"name":"fromJSON","decl":{"start":{"line":105,"column":9},"end":{"line":107,"column":3}},"loc":{"start":{"line":105,"column":9},"end":{"line":107,"column":3}},"line":105},"11":{"name":"toJSON","decl":{"start":{"line":112,"column":2},"end":{"line":121,"column":3}},"loc":{"start":{"line":112,"column":2},"end":{"line":121,"column":3}},"line":112},"12":{"name":"rename","decl":{"start":{"line":126,"column":2},"end":{"line":128,"column":3}},"loc":{"start":{"line":126,"column":2},"end":{"line":128,"column":3}},"line":126},"13":{"name":"setPortrait","decl":{"start":{"line":133,"column":2},"end":{"line":135,"column":3}},"loc":{"start":{"line":133,"column":2},"end":{"line":135,"column":3}},"line":133},"14":{"name":"setMicLevel","decl":{"start":{"line":140,"column":2},"end":{"line":149,"column":3}},"loc":{"start":{"line":140,"column":2},"end":{"line":149,"column":3}},"line":140},"15":{"name":"setHP","decl":{"start":{"line":154,"column":2},"end":{"line":163,"column":3}},"loc":{"start":{"line":154,"column":2},"end":{"line":163,"column":3}},"line":154},"16":{"name":"takeDamage","decl":{"start":{"line":168,"column":2},"end":{"line":171,"column":3}},"loc":{"start":{"line":168,"column":2},"end":{"line":171,"column":3}},"line":168},"17":{"name":"heal","decl":{"start":{"line":176,"column":2},"end":{"line":179,"column":3}},"loc":{"start":{"line":176,"column":2},"end":{"line":179,"column":3}},"line":176},"18":{"name":"isAlive","decl":{"start":{"line":184,"column":2},"end":{"line":186,"column":3}},"loc":{"start":{"line":184,"column":2},"end":{"line":186,"column":3}},"line":184},"19":{"name":"getHPPercent","decl":{"start":{"line":191,"column":2},"end":{"line":194,"column":3}},"loc":{"start":{"line":191,"column":2},"end":{"line":194,"column":3}},"line":191},"20":{"name":"isSpeaking","decl":{"start":{"line":199,"column":2},"end":{"line":201,"column":3}},"loc":{"start":{"line":199,"column":2},"end":{"line":201,"column":3}},"line":199},"21":{"name":"CharacterModel","decl":{"start":{"line":209,"column":2},"end":{"line":218,"column":6}},"loc":{"start":{"line":209,"column":2},"end":{"line":218,"column":6}},"line":209},"22":{"name":"fromJSON","decl":{"start":{"line":223,"column":9},"end":{"line":234,"column":3}},"loc":{"start":{"line":223,"column":9},"end":{"line":234,"column":3}},"line":223},"23":{"name":"toJSON","decl":{"start":{"line":239,"column":2},"end":{"line":250,"column":3}},"loc":{"start":{"line":239,"column":2},"end":{"line":250,"column":3}},"line":239},"24":{"name":"setHP","decl":{"start":{"line":255,"column":2},"end":{"line":269,"column":3}},"loc":{"start":{"line":255,"column":2},"end":{"line":269,"column":3}},"line":255},"25":{"name":"takeDamage","decl":{"start":{"line":274,"column":2},"end":{"line":276,"column":3}},"loc":{"start":{"line":274,"column":2},"end":{"line":276,"column":3}},"line":274},"26":{"name":"heal","decl":{"start":{"line":281,"column":2},"end":{"line":283,"column":3}},"loc":{"start":{"line":281,"column":2},"end":{"line":283,"column":3}},"line":281},"27":{"name":"linkToken","decl":{"start":{"line":288,"column":2},"end":{"line":299,"column":3}},"loc":{"start":{"line":288,"column":2},"end":{"line":299,"column":3}},"line":288},"28":{"name":"claim","decl":{"start":{"line":304,"column":2},"end":{"line":315,"column":3}},"loc":{"start":{"line":304,"column":2},"end":{"line":315,"column":3}},"line":304},"29":{"name":"isDead","decl":{"start":{"line":320,"column":2},"end":{"line":322,"column":3}},"loc":{"start":{"line":320,"column":2},"end":{"line":322,"column":3}},"line":320},"30":{"name":"getHPPercent","decl":{"start":{"line":327,"column":2},"end":{"line":330,"column":3}},"loc":{"start":{"line":327,"column":2},"end":{"line":330,"column":3}},"line":327}},"f":{"0":7,"1":1,"2":1,"3":1,"4":1,"5":1,"6":1,"7":2,"8":1,"9":14,"10":1,"11":1,"12":1,"13":1,"14":3,"15":1,"16":3,"17":1,"18":3,"19":2,"20":2,"21":10,"22":1,"23":1,"24":6,"25":2,"26":1,"27":1,"28":1,"29":2,"30":2}}
}
